<?xml version="1.0" encoding="UTF-8"?>
<coverage generated="1594076454632" clover="3.2.0">
  <project timestamp="1594076454632" name="All files">
    <metrics statements="40" coveredstatements="40" conditionals="9" coveredconditionals="9" methods="21" coveredmethods="21" elements="70" coveredelements="70" complexity="0" loc="40" ncloc="40" packages="1" files="1" classes="1"/>
    <file name="JSArray.js" path="/Users/jas/Development/data-structures-algorithms/node/dynamic-array/src/types/JSArray.js">
      <metrics statements="40" coveredstatements="40" conditionals="9" coveredconditionals="9" methods="21" coveredmethods="21"/>
      <line num="11" count="13" type="stmt"/>
      <line num="12" count="13" type="stmt"/>
      <line num="15" count="13" type="stmt"/>
      <line num="17" count="13" type="stmt"/>
      <line num="19" count="13" type="stmt"/>
      <line num="21" count="13" type="stmt"/>
      <line num="23" count="13" type="stmt"/>
      <line num="24" count="3" type="stmt"/>
      <line num="25" count="1" type="stmt"/>
      <line num="28" count="13" type="stmt"/>
      <line num="29" count="34" type="cond" truecount="2" falsecount="0"/>
      <line num="30" count="30" type="cond" truecount="2" falsecount="0"/>
      <line num="31" count="30" type="stmt"/>
      <line num="32" count="39" type="stmt"/>
      <line num="33" count="30" type="stmt"/>
      <line num="35" count="34" type="stmt"/>
      <line num="38" count="13" type="stmt"/>
      <line num="39" count="5" type="stmt"/>
      <line num="40" count="2" type="stmt"/>
      <line num="41" count="2" type="cond" truecount="2" falsecount="0"/>
      <line num="42" count="2" type="stmt"/>
      <line num="43" count="2" type="stmt"/>
      <line num="46" count="13" type="stmt"/>
      <line num="47" count="1" type="stmt"/>
      <line num="48" count="3" type="stmt"/>
      <line num="49" count="1" type="stmt"/>
      <line num="50" count="1" type="stmt"/>
      <line num="53" count="13" type="stmt"/>
      <line num="54" count="6" type="stmt"/>
      <line num="55" count="18" type="cond" truecount="2" falsecount="0"/>
      <line num="56" count="6" type="stmt"/>
      <line num="59" count="13" type="stmt"/>
      <line num="61" count="13" type="stmt"/>
      <line num="62" count="1" type="stmt"/>
      <line num="63" count="3" type="stmt"/>
      <line num="64" count="1" type="stmt"/>
      <line num="71" count="57" type="stmt"/>
      <line num="73" count="114" type="stmt"/>
      <line num="75" count="43" type="stmt"/>
      <line num="78" count="1" type="stmt"/>
    </file>
  </project>
</coverage>
