{"/Users/jas/Development/data-structures-algorithms/node/dynamic-array/src/types/JSArray.js": {"path":"/Users/jas/Development/data-structures-algorithms/node/dynamic-array/src/types/JSArray.js","statementMap":{"0":{"start":{"line":11,"column":8},"end":{"line":11,"column":61}},"1":{"start":{"line":12,"column":8},"end":{"line":12,"column":26}},"2":{"start":{"line":15,"column":11},"end":{"line":15,"column":31}},"3":{"start":{"line":15,"column":17},"end":{"line":15,"column":31}},"4":{"start":{"line":17,"column":14},"end":{"line":17,"column":37}},"5":{"start":{"line":17,"column":20},"end":{"line":17,"column":37}},"6":{"start":{"line":19,"column":10},"end":{"line":19,"column":41}},"7":{"start":{"line":19,"column":21},"end":{"line":19,"column":41}},"8":{"start":{"line":21,"column":10},"end":{"line":21,"column":56}},"9":{"start":{"line":21,"column":28},"end":{"line":21,"column":56}},"10":{"start":{"line":23,"column":12},"end":{"line":26,"column":5}},"11":{"start":{"line":24,"column":8},"end":{"line":24,"column":53}},"12":{"start":{"line":24,"column":47},"end":{"line":24,"column":51}},"13":{"start":{"line":25,"column":8},"end":{"line":25,"column":26}},"14":{"start":{"line":28,"column":10},"end":{"line":36,"column":5}},"15":{"start":{"line":29,"column":8},"end":{"line":34,"column":9}},"16":{"start":{"line":30,"column":12},"end":{"line":30,"column":80}},"17":{"start":{"line":31,"column":27},"end":{"line":31,"column":54}},"18":{"start":{"line":32,"column":12},"end":{"line":32,"column":75}},"19":{"start":{"line":32,"column":51},"end":{"line":32,"column":73}},"20":{"start":{"line":33,"column":12},"end":{"line":33,"column":36}},"21":{"start":{"line":35,"column":8},"end":{"line":35,"column":45}},"22":{"start":{"line":38,"column":13},"end":{"line":44,"column":5}},"23":{"start":{"line":39,"column":21},"end":{"line":39,"column":64}},"24":{"start":{"line":39,"column":50},"end":{"line":39,"column":63}},"25":{"start":{"line":40,"column":22},"end":{"line":40,"column":60}},"26":{"start":{"line":41,"column":8},"end":{"line":41,"column":68}},"27":{"start":{"line":42,"column":8},"end":{"line":42,"column":30}},"28":{"start":{"line":43,"column":8},"end":{"line":43,"column":21}},"29":{"start":{"line":46,"column":15},"end":{"line":51,"column":5}},"30":{"start":{"line":47,"column":21},"end":{"line":47,"column":36}},"31":{"start":{"line":48,"column":8},"end":{"line":48,"column":70}},"32":{"start":{"line":48,"column":57},"end":{"line":48,"column":68}},"33":{"start":{"line":49,"column":8},"end":{"line":49,"column":24}},"34":{"start":{"line":50,"column":8},"end":{"line":50,"column":20}},"35":{"start":{"line":53,"column":14},"end":{"line":57,"column":5}},"36":{"start":{"line":54,"column":20},"end":{"line":54,"column":22}},"37":{"start":{"line":55,"column":8},"end":{"line":55,"column":78}},"38":{"start":{"line":55,"column":42},"end":{"line":55,"column":75}},"39":{"start":{"line":56,"column":8},"end":{"line":56,"column":21}},"40":{"start":{"line":59,"column":15},"end":{"line":59,"column":50}},"41":{"start":{"line":59,"column":25},"end":{"line":59,"column":50}},"42":{"start":{"line":61,"column":15},"end":{"line":65,"column":5}},"43":{"start":{"line":62,"column":18},"end":{"line":62,"column":21}},"44":{"start":{"line":63,"column":8},"end":{"line":63,"column":57}},"45":{"start":{"line":63,"column":37},"end":{"line":63,"column":55}},"46":{"start":{"line":64,"column":8},"end":{"line":64,"column":45}},"47":{"start":{"line":71,"column":13},"end":{"line":71,"column":31}},"48":{"start":{"line":71,"column":19},"end":{"line":71,"column":31}},"49":{"start":{"line":73,"column":16},"end":{"line":73,"column":37}},"50":{"start":{"line":73,"column":22},"end":{"line":73,"column":37}},"51":{"start":{"line":75,"column":14},"end":{"line":75,"column":33}},"52":{"start":{"line":75,"column":20},"end":{"line":75,"column":33}},"53":{"start":{"line":78,"column":0},"end":{"line":78,"column":25}}},"fnMap":{"0":{"name":"(anonymous_0)","decl":{"start":{"line":10,"column":4},"end":{"line":10,"column":5}},"loc":{"start":{"line":10,"column":30},"end":{"line":13,"column":5}},"line":10},"1":{"name":"(anonymous_1)","decl":{"start":{"line":15,"column":11},"end":{"line":15,"column":12}},"loc":{"start":{"line":15,"column":17},"end":{"line":15,"column":31}},"line":15},"2":{"name":"(anonymous_2)","decl":{"start":{"line":17,"column":14},"end":{"line":17,"column":15}},"loc":{"start":{"line":17,"column":20},"end":{"line":17,"column":37}},"line":17},"3":{"name":"(anonymous_3)","decl":{"start":{"line":19,"column":10},"end":{"line":19,"column":11}},"loc":{"start":{"line":19,"column":21},"end":{"line":19,"column":41}},"line":19},"4":{"name":"(anonymous_4)","decl":{"start":{"line":21,"column":10},"end":{"line":21,"column":11}},"loc":{"start":{"line":21,"column":28},"end":{"line":21,"column":56}},"line":21},"5":{"name":"(anonymous_5)","decl":{"start":{"line":23,"column":12},"end":{"line":23,"column":13}},"loc":{"start":{"line":23,"column":18},"end":{"line":26,"column":5}},"line":23},"6":{"name":"(anonymous_6)","decl":{"start":{"line":24,"column":41},"end":{"line":24,"column":42}},"loc":{"start":{"line":24,"column":47},"end":{"line":24,"column":51}},"line":24},"7":{"name":"(anonymous_7)","decl":{"start":{"line":28,"column":10},"end":{"line":28,"column":11}},"loc":{"start":{"line":28,"column":20},"end":{"line":36,"column":5}},"line":28},"8":{"name":"(anonymous_8)","decl":{"start":{"line":32,"column":34},"end":{"line":32,"column":35}},"loc":{"start":{"line":32,"column":51},"end":{"line":32,"column":73}},"line":32},"9":{"name":"(anonymous_9)","decl":{"start":{"line":38,"column":13},"end":{"line":38,"column":14}},"loc":{"start":{"line":38,"column":23},"end":{"line":44,"column":5}},"line":38},"10":{"name":"(anonymous_10)","decl":{"start":{"line":39,"column":42},"end":{"line":39,"column":43}},"loc":{"start":{"line":39,"column":50},"end":{"line":39,"column":63}},"line":39},"11":{"name":"(anonymous_11)","decl":{"start":{"line":46,"column":15},"end":{"line":46,"column":16}},"loc":{"start":{"line":46,"column":26},"end":{"line":51,"column":5}},"line":46},"12":{"name":"(anonymous_12)","decl":{"start":{"line":48,"column":44},"end":{"line":48,"column":45}},"loc":{"start":{"line":48,"column":57},"end":{"line":48,"column":68}},"line":48},"13":{"name":"(anonymous_13)","decl":{"start":{"line":53,"column":14},"end":{"line":53,"column":15}},"loc":{"start":{"line":53,"column":24},"end":{"line":57,"column":5}},"line":53},"14":{"name":"(anonymous_14)","decl":{"start":{"line":55,"column":29},"end":{"line":55,"column":30}},"loc":{"start":{"line":55,"column":42},"end":{"line":55,"column":75}},"line":55},"15":{"name":"(anonymous_15)","decl":{"start":{"line":59,"column":15},"end":{"line":59,"column":16}},"loc":{"start":{"line":59,"column":25},"end":{"line":59,"column":50}},"line":59},"16":{"name":"(anonymous_16)","decl":{"start":{"line":61,"column":15},"end":{"line":61,"column":16}},"loc":{"start":{"line":61,"column":21},"end":{"line":65,"column":5}},"line":61},"17":{"name":"(anonymous_17)","decl":{"start":{"line":63,"column":29},"end":{"line":63,"column":30}},"loc":{"start":{"line":63,"column":37},"end":{"line":63,"column":55}},"line":63},"18":{"name":"(anonymous_18)","decl":{"start":{"line":71,"column":13},"end":{"line":71,"column":14}},"loc":{"start":{"line":71,"column":19},"end":{"line":71,"column":31}},"line":71},"19":{"name":"(anonymous_19)","decl":{"start":{"line":73,"column":16},"end":{"line":73,"column":17}},"loc":{"start":{"line":73,"column":22},"end":{"line":73,"column":37}},"line":73},"20":{"name":"(anonymous_20)","decl":{"start":{"line":75,"column":14},"end":{"line":75,"column":15}},"loc":{"start":{"line":75,"column":20},"end":{"line":75,"column":33}},"line":75}},"branchMap":{"0":{"loc":{"start":{"line":10,"column":16},"end":{"line":10,"column":28}},"type":"default-arg","locations":[{"start":{"line":10,"column":27},"end":{"line":10,"column":28}}],"line":10},"1":{"loc":{"start":{"line":29,"column":8},"end":{"line":34,"column":9}},"type":"if","locations":[{"start":{"line":29,"column":8},"end":{"line":34,"column":9}},{"start":{"line":29,"column":8},"end":{"line":34,"column":9}}],"line":29},"2":{"loc":{"start":{"line":30,"column":30},"end":{"line":30,"column":79}},"type":"cond-expr","locations":[{"start":{"line":30,"column":55},"end":{"line":30,"column":56}},{"start":{"line":30,"column":59},"end":{"line":30,"column":79}}],"line":30},"3":{"loc":{"start":{"line":41,"column":24},"end":{"line":41,"column":67}},"type":"cond-expr","locations":[{"start":{"line":41,"column":32},"end":{"line":41,"column":50}},{"start":{"line":41,"column":53},"end":{"line":41,"column":67}}],"line":41},"4":{"loc":{"start":{"line":55,"column":50},"end":{"line":55,"column":75}},"type":"cond-expr","locations":[{"start":{"line":55,"column":66},"end":{"line":55,"column":67}},{"start":{"line":55,"column":70},"end":{"line":55,"column":75}}],"line":55}},"s":{"0":13,"1":13,"2":13,"3":7,"4":13,"5":4,"6":13,"7":13,"8":13,"9":2,"10":13,"11":1,"12":3,"13":1,"14":13,"15":34,"16":30,"17":30,"18":30,"19":39,"20":30,"21":34,"22":13,"23":2,"24":5,"25":2,"26":2,"27":2,"28":2,"29":13,"30":1,"31":1,"32":3,"33":1,"34":1,"35":13,"36":6,"37":6,"38":18,"39":6,"40":13,"41":4,"42":13,"43":1,"44":1,"45":3,"46":1,"47":13,"48":57,"49":13,"50":114,"51":13,"52":43,"53":1},"f":{"0":13,"1":7,"2":4,"3":13,"4":2,"5":1,"6":3,"7":34,"8":39,"9":2,"10":5,"11":1,"12":3,"13":6,"14":18,"15":4,"16":1,"17":3,"18":57,"19":114,"20":43},"b":{"0":[13],"1":[30,4],"2":[10,20],"3":[1,1],"4":[4,14]},"_coverageSchema":"1a1c01bbd47fc00a2c39e90264f33305004495a9","hash":"6987e2eebd6d56262cce6f52ec0defbb41b0ccad"}
}
