TN:
SF:src/types/JSArray.js
FN:10,(anonymous_0)
FN:15,(anonymous_1)
FN:17,(anonymous_2)
FN:19,(anonymous_3)
FN:21,(anonymous_4)
FN:23,(anonymous_5)
FN:24,(anonymous_6)
FN:28,(anonymous_7)
FN:32,(anonymous_8)
FN:38,(anonymous_9)
FN:39,(anonymous_10)
FN:46,(anonymous_11)
FN:48,(anonymous_12)
FN:53,(anonymous_13)
FN:55,(anonymous_14)
FN:59,(anonymous_15)
FN:61,(anonymous_16)
FN:63,(anonymous_17)
FN:71,(anonymous_18)
FN:73,(anonymous_19)
FN:75,(anonymous_20)
FNF:21
FNH:21
FNDA:13,(anonymous_0)
FNDA:7,(anonymous_1)
FNDA:4,(anonymous_2)
FNDA:13,(anonymous_3)
FNDA:2,(anonymous_4)
FNDA:1,(anonymous_5)
FNDA:3,(anonymous_6)
FNDA:34,(anonymous_7)
FNDA:39,(anonymous_8)
FNDA:2,(anonymous_9)
FNDA:5,(anonymous_10)
FNDA:1,(anonymous_11)
FNDA:3,(anonymous_12)
FNDA:6,(anonymous_13)
FNDA:18,(anonymous_14)
FNDA:4,(anonymous_15)
FNDA:1,(anonymous_16)
FNDA:3,(anonymous_17)
FNDA:57,(anonymous_18)
FNDA:114,(anonymous_19)
FNDA:43,(anonymous_20)
DA:11,13
DA:12,13
DA:15,13
DA:17,13
DA:19,13
DA:21,13
DA:23,13
DA:24,3
DA:25,1
DA:28,13
DA:29,34
DA:30,30
DA:31,30
DA:32,39
DA:33,30
DA:35,34
DA:38,13
DA:39,5
DA:40,2
DA:41,2
DA:42,2
DA:43,2
DA:46,13
DA:47,1
DA:48,3
DA:49,1
DA:50,1
DA:53,13
DA:54,6
DA:55,18
DA:56,6
DA:59,13
DA:61,13
DA:62,1
DA:63,3
DA:64,1
DA:71,57
DA:73,114
DA:75,43
DA:78,1
LF:40
LH:40
BRDA:10,0,0,13
BRDA:29,1,0,30
BRDA:29,1,1,4
BRDA:30,2,0,10
BRDA:30,2,1,20
BRDA:41,3,0,1
BRDA:41,3,1,1
BRDA:55,4,0,4
BRDA:55,4,1,14
BRF:9
BRH:9
end_of_record
