{"/Users/jas/Development/data-structures-algorithms/node/queue/src/types/JSQueue.js": {"path":"/Users/jas/Development/data-structures-algorithms/node/queue/src/types/JSQueue.js","statementMap":{"0":{"start":{"line":3,"column":14},"end":{"line":3,"column":16}},"1":{"start":{"line":5,"column":11},"end":{"line":5,"column":37}},"2":{"start":{"line":5,"column":17},"end":{"line":5,"column":37}},"3":{"start":{"line":7,"column":14},"end":{"line":7,"column":37}},"4":{"start":{"line":7,"column":20},"end":{"line":7,"column":37}},"5":{"start":{"line":9,"column":14},"end":{"line":9,"column":46}},"6":{"start":{"line":9,"column":22},"end":{"line":9,"column":46}},"7":{"start":{"line":11,"column":14},"end":{"line":11,"column":41}},"8":{"start":{"line":11,"column":20},"end":{"line":11,"column":41}},"9":{"start":{"line":13,"column":11},"end":{"line":13,"column":33}},"10":{"start":{"line":13,"column":17},"end":{"line":13,"column":33}},"11":{"start":{"line":19,"column":13},"end":{"line":19,"column":31}},"12":{"start":{"line":19,"column":19},"end":{"line":19,"column":31}},"13":{"start":{"line":22,"column":0},"end":{"line":22,"column":25}}},"fnMap":{"0":{"name":"(anonymous_0)","decl":{"start":{"line":5,"column":11},"end":{"line":5,"column":12}},"loc":{"start":{"line":5,"column":17},"end":{"line":5,"column":37}},"line":5},"1":{"name":"(anonymous_1)","decl":{"start":{"line":7,"column":14},"end":{"line":7,"column":15}},"loc":{"start":{"line":7,"column":20},"end":{"line":7,"column":37}},"line":7},"2":{"name":"(anonymous_2)","decl":{"start":{"line":9,"column":14},"end":{"line":9,"column":15}},"loc":{"start":{"line":9,"column":22},"end":{"line":9,"column":46}},"line":9},"3":{"name":"(anonymous_3)","decl":{"start":{"line":11,"column":14},"end":{"line":11,"column":15}},"loc":{"start":{"line":11,"column":20},"end":{"line":11,"column":41}},"line":11},"4":{"name":"(anonymous_4)","decl":{"start":{"line":13,"column":11},"end":{"line":13,"column":12}},"loc":{"start":{"line":13,"column":17},"end":{"line":13,"column":33}},"line":13},"5":{"name":"(anonymous_5)","decl":{"start":{"line":19,"column":13},"end":{"line":19,"column":14}},"loc":{"start":{"line":19,"column":19},"end":{"line":19,"column":31}},"line":19}},"branchMap":{},"s":{"0":5,"1":5,"2":8,"3":5,"4":5,"5":5,"6":15,"7":5,"8":3,"9":5,"10":3,"11":5,"12":29,"13":1},"f":{"0":8,"1":5,"2":15,"3":3,"4":3,"5":29},"b":{},"_coverageSchema":"1a1c01bbd47fc00a2c39e90264f33305004495a9","hash":"708f9b5ebc7dce31b23f647454ce7cea6f347826"}
}
