{"/Users/jas/Development/data-structures-algorithms/node/stack/src/types/JSStack.js": {"path":"/Users/jas/Development/data-structures-algorithms/node/stack/src/types/JSStack.js","statementMap":{"0":{"start":{"line":3,"column":14},"end":{"line":3,"column":16}},"1":{"start":{"line":4,"column":13},"end":{"line":4,"column":14}},"2":{"start":{"line":6,"column":11},"end":{"line":6,"column":28}},"3":{"start":{"line":6,"column":17},"end":{"line":6,"column":28}},"4":{"start":{"line":8,"column":14},"end":{"line":8,"column":37}},"5":{"start":{"line":8,"column":20},"end":{"line":8,"column":37}},"6":{"start":{"line":10,"column":11},"end":{"line":10,"column":56}},"7":{"start":{"line":10,"column":20},"end":{"line":10,"column":56}},"8":{"start":{"line":12,"column":10},"end":{"line":12,"column":44}},"9":{"start":{"line":12,"column":16},"end":{"line":12,"column":44}},"10":{"start":{"line":14,"column":11},"end":{"line":14,"column":43}},"11":{"start":{"line":14,"column":17},"end":{"line":14,"column":43}},"12":{"start":{"line":20,"column":13},"end":{"line":20,"column":31}},"13":{"start":{"line":20,"column":19},"end":{"line":20,"column":31}},"14":{"start":{"line":23,"column":0},"end":{"line":23,"column":25}}},"fnMap":{"0":{"name":"(anonymous_0)","decl":{"start":{"line":6,"column":11},"end":{"line":6,"column":12}},"loc":{"start":{"line":6,"column":17},"end":{"line":6,"column":28}},"line":6},"1":{"name":"(anonymous_1)","decl":{"start":{"line":8,"column":14},"end":{"line":8,"column":15}},"loc":{"start":{"line":8,"column":20},"end":{"line":8,"column":37}},"line":8},"2":{"name":"(anonymous_2)","decl":{"start":{"line":10,"column":11},"end":{"line":10,"column":12}},"loc":{"start":{"line":10,"column":20},"end":{"line":10,"column":56}},"line":10},"3":{"name":"(anonymous_3)","decl":{"start":{"line":12,"column":10},"end":{"line":12,"column":11}},"loc":{"start":{"line":12,"column":16},"end":{"line":12,"column":44}},"line":12},"4":{"name":"(anonymous_4)","decl":{"start":{"line":14,"column":11},"end":{"line":14,"column":12}},"loc":{"start":{"line":14,"column":17},"end":{"line":14,"column":43}},"line":14},"5":{"name":"(anonymous_5)","decl":{"start":{"line":20,"column":13},"end":{"line":20,"column":14}},"loc":{"start":{"line":20,"column":19},"end":{"line":20,"column":31}},"line":20}},"branchMap":{},"s":{"0":5,"1":5,"2":5,"3":4,"4":5,"5":2,"6":5,"7":9,"8":5,"9":1,"10":5,"11":2,"12":5,"13":12,"14":1},"f":{"0":4,"1":2,"2":9,"3":1,"4":2,"5":12},"b":{},"_coverageSchema":"1a1c01bbd47fc00a2c39e90264f33305004495a9","hash":"fc16efe7e1e6b18882465a0f80036fdfd3fdba57"}
}
