{"/Users/jas/Development/data-structures-algorithms/node/hashtablechaining/src/types/JSEntry.js": {"path":"/Users/jas/Development/data-structures-algorithms/node/hashtablechaining/src/types/JSEntry.js","statementMap":{"0":{"start":{"line":1,"column":15},"end":{"line":1,"column":32}},"1":{"start":{"line":10,"column":8},"end":{"line":10,"column":25}},"2":{"start":{"line":11,"column":8},"end":{"line":11,"column":29}},"3":{"start":{"line":12,"column":8},"end":{"line":12,"column":27}},"4":{"start":{"line":15,"column":16},"end":{"line":15,"column":33}},"5":{"start":{"line":17,"column":18},"end":{"line":17,"column":38}},"6":{"start":{"line":19,"column":17},"end":{"line":19,"column":90}},"7":{"start":{"line":21,"column":12},"end":{"line":21,"column":70}},"8":{"start":{"line":21,"column":22},"end":{"line":21,"column":70}},"9":{"start":{"line":27,"column":12},"end":{"line":27,"column":78}},"10":{"start":{"line":27,"column":23},"end":{"line":27,"column":78}},"11":{"start":{"line":30,"column":0},"end":{"line":30,"column":25}}},"fnMap":{"0":{"name":"(anonymous_0)","decl":{"start":{"line":9,"column":4},"end":{"line":9,"column":5}},"loc":{"start":{"line":9,"column":28},"end":{"line":13,"column":5}},"line":9},"1":{"name":"(anonymous_1)","decl":{"start":{"line":15,"column":4},"end":{"line":15,"column":5}},"loc":{"start":{"line":15,"column":14},"end":{"line":15,"column":35}},"line":15},"2":{"name":"(anonymous_2)","decl":{"start":{"line":17,"column":4},"end":{"line":17,"column":5}},"loc":{"start":{"line":17,"column":16},"end":{"line":17,"column":40}},"line":17},"3":{"name":"(anonymous_3)","decl":{"start":{"line":19,"column":4},"end":{"line":19,"column":5}},"loc":{"start":{"line":19,"column":15},"end":{"line":19,"column":92}},"line":19},"4":{"name":"(anonymous_4)","decl":{"start":{"line":21,"column":12},"end":{"line":21,"column":13}},"loc":{"start":{"line":21,"column":22},"end":{"line":21,"column":70}},"line":21},"5":{"name":"(anonymous_5)","decl":{"start":{"line":27,"column":12},"end":{"line":27,"column":13}},"loc":{"start":{"line":27,"column":23},"end":{"line":27,"column":78}},"line":27}},"branchMap":{"0":{"loc":{"start":{"line":19,"column":24},"end":{"line":19,"column":89}},"type":"cond-expr","locations":[{"start":{"line":19,"column":47},"end":{"line":19,"column":81}},{"start":{"line":19,"column":84},"end":{"line":19,"column":89}}],"line":19},"1":{"loc":{"start":{"line":21,"column":22},"end":{"line":21,"column":70}},"type":"binary-expr","locations":[{"start":{"line":21,"column":22},"end":{"line":21,"column":45}},{"start":{"line":21,"column":49},"end":{"line":21,"column":70}}],"line":21}},"s":{"0":1,"1":5,"2":5,"3":5,"4":9,"5":1,"6":4,"7":5,"8":1,"9":5,"10":3,"11":1},"f":{"0":5,"1":9,"2":1,"3":4,"4":1,"5":3},"b":{"0":[3,1],"1":[1,1]},"_coverageSchema":"1a1c01bbd47fc00a2c39e90264f33305004495a9","hash":"d5fed7a537992a1643680449811d48a705618ae6"}
}
