<?xml version="1.0" encoding="UTF-8"?>
<coverage generated="1594157990206" clover="3.2.0">
  <project timestamp="1594157990206" name="All files">
    <metrics statements="75" coveredstatements="75" conditionals="16" coveredconditionals="16" methods="25" coveredmethods="25" elements="116" coveredelements="116" complexity="0" loc="75" ncloc="75" packages="1" files="1" classes="1"/>
    <file name="DoubleLinkedList.js" path="/Users/jas/Development/data-structures-algorithms/node/double-linked-list/src/types/DoubleLinkedList.js">
      <metrics statements="75" coveredstatements="75" conditionals="16" coveredconditionals="16" methods="25" coveredmethods="25"/>
      <line num="9" count="30" type="stmt"/>
      <line num="10" count="30" type="stmt"/>
      <line num="11" count="30" type="stmt"/>
      <line num="14" count="34" type="stmt"/>
      <line num="15" count="30" type="stmt"/>
      <line num="17" count="32" type="stmt"/>
      <line num="18" count="56" type="stmt"/>
      <line num="20" count="6" type="stmt"/>
      <line num="21" count="37" type="stmt"/>
      <line num="36" count="10" type="stmt"/>
      <line num="37" count="10" type="stmt"/>
      <line num="38" count="10" type="stmt"/>
      <line num="41" count="36" type="stmt"/>
      <line num="43" count="33" type="stmt"/>
      <line num="45" count="10" type="stmt"/>
      <line num="46" count="28" type="cond" truecount="2" falsecount="0"/>
      <line num="47" count="9" type="stmt"/>
      <line num="49" count="19" type="stmt"/>
      <line num="50" count="19" type="stmt"/>
      <line num="52" count="28" type="stmt"/>
      <line num="55" count="10" type="stmt"/>
      <line num="56" count="2" type="cond" truecount="2" falsecount="0"/>
      <line num="57" count="1" type="stmt"/>
      <line num="59" count="1" type="stmt"/>
      <line num="60" count="1" type="stmt"/>
      <line num="62" count="2" type="stmt"/>
      <line num="65" count="10" type="stmt"/>
      <line num="66" count="2" type="stmt"/>
      <line num="67" count="2" type="stmt"/>
      <line num="68" count="2" type="stmt"/>
      <line num="69" count="2" type="stmt"/>
      <line num="70" count="2" type="stmt"/>
      <line num="73" count="10" type="stmt"/>
      <line num="74" count="3" type="stmt"/>
      <line num="75" count="3" type="stmt"/>
      <line num="76" count="3" type="stmt"/>
      <line num="77" count="3" type="stmt"/>
      <line num="78" count="3" type="stmt"/>
      <line num="81" count="10" type="stmt"/>
      <line num="82" count="3" type="stmt"/>
      <line num="83" count="3" type="cond" truecount="2" falsecount="0"/>
      <line num="84" count="4" type="stmt"/>
      <line num="86" count="3" type="cond" truecount="2" falsecount="0"/>
      <line num="89" count="10" type="stmt"/>
      <line num="90" count="3" type="stmt"/>
      <line num="91" count="3" type="cond" truecount="2" falsecount="0"/>
      <line num="92" count="2" type="stmt"/>
      <line num="93" count="2" type="stmt"/>
      <line num="95" count="3" type="cond" truecount="2" falsecount="0"/>
      <line num="98" count="11" type="stmt"/>
      <line num="100" count="12" type="stmt"/>
      <line num="102" count="10" type="stmt"/>
      <line num="103" count="1" type="stmt"/>
      <line num="104" count="1" type="stmt"/>
      <line num="105" count="3" type="stmt"/>
      <line num="106" count="3" type="stmt"/>
      <line num="107" count="3" type="stmt"/>
      <line num="109" count="1" type="stmt"/>
      <line num="112" count="10" type="stmt"/>
      <line num="113" count="4" type="cond" truecount="2" falsecount="0"/>
      <line num="114" count="1" type="stmt"/>
      <line num="115" count="3" type="cond" truecount="2" falsecount="0"/>
      <line num="116" count="2" type="stmt"/>
      <line num="118" count="1" type="stmt"/>
      <line num="119" count="1" type="stmt"/>
      <line num="121" count="4" type="stmt"/>
      <line num="124" count="10" type="stmt"/>
      <line num="125" count="3" type="stmt"/>
      <line num="126" count="3" type="stmt"/>
      <line num="127" count="3" type="stmt"/>
      <line num="131" count="31" type="stmt"/>
      <line num="132" count="62" type="stmt"/>
      <line num="133" count="30" type="stmt"/>
      <line num="134" count="10" type="stmt"/>
      <line num="138" count="1" type="stmt"/>
    </file>
  </project>
</coverage>
