{"/Users/jas/Development/data-structures-algorithms/node/double-linked-list/src/types/DoubleLinkedList.js": {"path":"/Users/jas/Development/data-structures-algorithms/node/double-linked-list/src/types/DoubleLinkedList.js","statementMap":{"0":{"start":{"line":9,"column":8},"end":{"line":9,"column":27}},"1":{"start":{"line":10,"column":8},"end":{"line":10,"column":25}},"2":{"start":{"line":11,"column":8},"end":{"line":11,"column":25}},"3":{"start":{"line":14,"column":18},"end":{"line":14,"column":38}},"4":{"start":{"line":15,"column":21},"end":{"line":15,"column":39}},"5":{"start":{"line":17,"column":17},"end":{"line":17,"column":36}},"6":{"start":{"line":18,"column":20},"end":{"line":18,"column":38}},"7":{"start":{"line":20,"column":17},"end":{"line":20,"column":36}},"8":{"start":{"line":21,"column":20},"end":{"line":21,"column":38}},"9":{"start":{"line":36,"column":8},"end":{"line":36,"column":25}},"10":{"start":{"line":37,"column":8},"end":{"line":37,"column":27}},"11":{"start":{"line":38,"column":8},"end":{"line":38,"column":27}},"12":{"start":{"line":41,"column":11},"end":{"line":41,"column":29}},"13":{"start":{"line":41,"column":17},"end":{"line":41,"column":29}},"14":{"start":{"line":43,"column":14},"end":{"line":43,"column":37}},"15":{"start":{"line":43,"column":20},"end":{"line":43,"column":37}},"16":{"start":{"line":45,"column":10},"end":{"line":53,"column":5}},"17":{"start":{"line":46,"column":8},"end":{"line":51,"column":9}},"18":{"start":{"line":47,"column":12},"end":{"line":47,"column":69}},"19":{"start":{"line":49,"column":12},"end":{"line":49,"column":69}},"20":{"start":{"line":50,"column":12},"end":{"line":50,"column":43}},"21":{"start":{"line":52,"column":8},"end":{"line":52,"column":22}},"22":{"start":{"line":55,"column":15},"end":{"line":63,"column":5}},"23":{"start":{"line":56,"column":8},"end":{"line":61,"column":9}},"24":{"start":{"line":57,"column":12},"end":{"line":57,"column":69}},"25":{"start":{"line":59,"column":12},"end":{"line":59,"column":69}},"26":{"start":{"line":60,"column":12},"end":{"line":60,"column":44}},"27":{"start":{"line":62,"column":8},"end":{"line":62,"column":22}},"28":{"start":{"line":65,"column":18},"end":{"line":71,"column":5}},"29":{"start":{"line":66,"column":21},"end":{"line":66,"column":39}},"30":{"start":{"line":67,"column":8},"end":{"line":67,"column":40}},"31":{"start":{"line":68,"column":8},"end":{"line":68,"column":33}},"32":{"start":{"line":69,"column":8},"end":{"line":69,"column":24}},"33":{"start":{"line":70,"column":8},"end":{"line":70,"column":20}},"34":{"start":{"line":73,"column":17},"end":{"line":79,"column":5}},"35":{"start":{"line":74,"column":21},"end":{"line":74,"column":39}},"36":{"start":{"line":75,"column":8},"end":{"line":75,"column":40}},"37":{"start":{"line":76,"column":8},"end":{"line":76,"column":33}},"38":{"start":{"line":77,"column":8},"end":{"line":77,"column":24}},"39":{"start":{"line":78,"column":8},"end":{"line":78,"column":20}},"40":{"start":{"line":81,"column":13},"end":{"line":87,"column":5}},"41":{"start":{"line":82,"column":22},"end":{"line":82,"column":34}},"42":{"start":{"line":83,"column":8},"end":{"line":85,"column":9}},"43":{"start":{"line":84,"column":12},"end":{"line":84,"column":35}},"44":{"start":{"line":86,"column":8},"end":{"line":86,"column":62}},"45":{"start":{"line":89,"column":15},"end":{"line":96,"column":5}},"46":{"start":{"line":90,"column":22},"end":{"line":90,"column":34}},"47":{"start":{"line":91,"column":8},"end":{"line":94,"column":9}},"48":{"start":{"line":92,"column":12},"end":{"line":92,"column":35}},"49":{"start":{"line":93,"column":12},"end":{"line":93,"column":20}},"50":{"start":{"line":95,"column":8},"end":{"line":95,"column":62}},"51":{"start":{"line":98,"column":16},"end":{"line":98,"column":40}},"52":{"start":{"line":98,"column":22},"end":{"line":98,"column":40}},"53":{"start":{"line":100,"column":15},"end":{"line":100,"column":39}},"54":{"start":{"line":100,"column":21},"end":{"line":100,"column":39}},"55":{"start":{"line":102,"column":12},"end":{"line":110,"column":5}},"56":{"start":{"line":103,"column":22},"end":{"line":103,"column":34}},"57":{"start":{"line":104,"column":8},"end":{"line":108,"column":9}},"58":{"start":{"line":105,"column":23},"end":{"line":105,"column":35}},"59":{"start":{"line":106,"column":12},"end":{"line":106,"column":33}},"60":{"start":{"line":107,"column":12},"end":{"line":107,"column":27}},"61":{"start":{"line":109,"column":8},"end":{"line":109,"column":25}},"62":{"start":{"line":112,"column":14},"end":{"line":122,"column":5}},"63":{"start":{"line":113,"column":8},"end":{"line":120,"column":9}},"64":{"start":{"line":114,"column":12},"end":{"line":114,"column":31}},"65":{"start":{"line":115,"column":15},"end":{"line":120,"column":9}},"66":{"start":{"line":116,"column":12},"end":{"line":116,"column":30}},"67":{"start":{"line":118,"column":12},"end":{"line":118,"column":39}},"68":{"start":{"line":119,"column":12},"end":{"line":119,"column":39}},"69":{"start":{"line":121,"column":8},"end":{"line":121,"column":25}},"70":{"start":{"line":124,"column":13},"end":{"line":128,"column":5}},"71":{"start":{"line":125,"column":8},"end":{"line":125,"column":25}},"72":{"start":{"line":126,"column":8},"end":{"line":126,"column":25}},"73":{"start":{"line":127,"column":8},"end":{"line":127,"column":24}},"74":{"start":{"line":131,"column":12},"end":{"line":131,"column":29}},"75":{"start":{"line":131,"column":18},"end":{"line":131,"column":29}},"76":{"start":{"line":132,"column":12},"end":{"line":132,"column":29}},"77":{"start":{"line":132,"column":18},"end":{"line":132,"column":29}},"78":{"start":{"line":133,"column":13},"end":{"line":133,"column":33}},"79":{"start":{"line":133,"column":19},"end":{"line":133,"column":33}},"80":{"start":{"line":134,"column":15},"end":{"line":134,"column":35}},"81":{"start":{"line":134,"column":21},"end":{"line":134,"column":35}},"82":{"start":{"line":138,"column":0},"end":{"line":138,"column":36}}},"fnMap":{"0":{"name":"(anonymous_0)","decl":{"start":{"line":7,"column":4},"end":{"line":7,"column":5}},"loc":{"start":{"line":7,"column":35},"end":{"line":12,"column":5}},"line":7},"1":{"name":"(anonymous_1)","decl":{"start":{"line":14,"column":4},"end":{"line":14,"column":5}},"loc":{"start":{"line":14,"column":16},"end":{"line":14,"column":40}},"line":14},"2":{"name":"(anonymous_2)","decl":{"start":{"line":15,"column":4},"end":{"line":15,"column":5}},"loc":{"start":{"line":15,"column":19},"end":{"line":15,"column":41}},"line":15},"3":{"name":"(anonymous_3)","decl":{"start":{"line":17,"column":4},"end":{"line":17,"column":5}},"loc":{"start":{"line":17,"column":15},"end":{"line":17,"column":38}},"line":17},"4":{"name":"(anonymous_4)","decl":{"start":{"line":18,"column":4},"end":{"line":18,"column":5}},"loc":{"start":{"line":18,"column":18},"end":{"line":18,"column":40}},"line":18},"5":{"name":"(anonymous_5)","decl":{"start":{"line":20,"column":4},"end":{"line":20,"column":5}},"loc":{"start":{"line":20,"column":15},"end":{"line":20,"column":38}},"line":20},"6":{"name":"(anonymous_6)","decl":{"start":{"line":21,"column":4},"end":{"line":21,"column":5}},"loc":{"start":{"line":21,"column":18},"end":{"line":21,"column":40}},"line":21},"7":{"name":"(anonymous_7)","decl":{"start":{"line":35,"column":4},"end":{"line":35,"column":5}},"loc":{"start":{"line":35,"column":18},"end":{"line":39,"column":5}},"line":35},"8":{"name":"(anonymous_8)","decl":{"start":{"line":41,"column":11},"end":{"line":41,"column":12}},"loc":{"start":{"line":41,"column":17},"end":{"line":41,"column":29}},"line":41},"9":{"name":"(anonymous_9)","decl":{"start":{"line":43,"column":14},"end":{"line":43,"column":15}},"loc":{"start":{"line":43,"column":20},"end":{"line":43,"column":37}},"line":43},"10":{"name":"(anonymous_10)","decl":{"start":{"line":45,"column":10},"end":{"line":45,"column":11}},"loc":{"start":{"line":45,"column":20},"end":{"line":53,"column":5}},"line":45},"11":{"name":"(anonymous_11)","decl":{"start":{"line":55,"column":15},"end":{"line":55,"column":16}},"loc":{"start":{"line":55,"column":25},"end":{"line":63,"column":5}},"line":55},"12":{"name":"(anonymous_12)","decl":{"start":{"line":65,"column":18},"end":{"line":65,"column":19}},"loc":{"start":{"line":65,"column":24},"end":{"line":71,"column":5}},"line":65},"13":{"name":"(anonymous_13)","decl":{"start":{"line":73,"column":17},"end":{"line":73,"column":18}},"loc":{"start":{"line":73,"column":23},"end":{"line":79,"column":5}},"line":73},"14":{"name":"(anonymous_14)","decl":{"start":{"line":81,"column":13},"end":{"line":81,"column":14}},"loc":{"start":{"line":81,"column":24},"end":{"line":87,"column":5}},"line":81},"15":{"name":"(anonymous_15)","decl":{"start":{"line":89,"column":15},"end":{"line":89,"column":16}},"loc":{"start":{"line":89,"column":26},"end":{"line":96,"column":5}},"line":89},"16":{"name":"(anonymous_16)","decl":{"start":{"line":98,"column":16},"end":{"line":98,"column":17}},"loc":{"start":{"line":98,"column":22},"end":{"line":98,"column":40}},"line":98},"17":{"name":"(anonymous_17)","decl":{"start":{"line":100,"column":15},"end":{"line":100,"column":16}},"loc":{"start":{"line":100,"column":21},"end":{"line":100,"column":39}},"line":100},"18":{"name":"(anonymous_18)","decl":{"start":{"line":102,"column":12},"end":{"line":102,"column":13}},"loc":{"start":{"line":102,"column":18},"end":{"line":110,"column":5}},"line":102},"19":{"name":"(anonymous_19)","decl":{"start":{"line":112,"column":14},"end":{"line":112,"column":15}},"loc":{"start":{"line":112,"column":24},"end":{"line":122,"column":5}},"line":112},"20":{"name":"(anonymous_20)","decl":{"start":{"line":124,"column":13},"end":{"line":124,"column":14}},"loc":{"start":{"line":124,"column":21},"end":{"line":128,"column":5}},"line":124},"21":{"name":"(anonymous_21)","decl":{"start":{"line":131,"column":12},"end":{"line":131,"column":13}},"loc":{"start":{"line":131,"column":18},"end":{"line":131,"column":29}},"line":131},"22":{"name":"(anonymous_22)","decl":{"start":{"line":132,"column":12},"end":{"line":132,"column":13}},"loc":{"start":{"line":132,"column":18},"end":{"line":132,"column":29}},"line":132},"23":{"name":"(anonymous_23)","decl":{"start":{"line":133,"column":13},"end":{"line":133,"column":14}},"loc":{"start":{"line":133,"column":19},"end":{"line":133,"column":33}},"line":133},"24":{"name":"(anonymous_24)","decl":{"start":{"line":134,"column":15},"end":{"line":134,"column":16}},"loc":{"start":{"line":134,"column":21},"end":{"line":134,"column":35}},"line":134}},"branchMap":{"0":{"loc":{"start":{"line":46,"column":8},"end":{"line":51,"column":9}},"type":"if","locations":[{"start":{"line":46,"column":8},"end":{"line":51,"column":9}},{"start":{"line":46,"column":8},"end":{"line":51,"column":9}}],"line":46},"1":{"loc":{"start":{"line":56,"column":8},"end":{"line":61,"column":9}},"type":"if","locations":[{"start":{"line":56,"column":8},"end":{"line":61,"column":9}},{"start":{"line":56,"column":8},"end":{"line":61,"column":9}}],"line":56},"2":{"loc":{"start":{"line":83,"column":14},"end":{"line":83,"column":57}},"type":"binary-expr","locations":[{"start":{"line":83,"column":14},"end":{"line":83,"column":30}},{"start":{"line":83,"column":34},"end":{"line":83,"column":57}}],"line":83},"3":{"loc":{"start":{"line":86,"column":15},"end":{"line":86,"column":61}},"type":"cond-expr","locations":[{"start":{"line":86,"column":33},"end":{"line":86,"column":37}},{"start":{"line":86,"column":40},"end":{"line":86,"column":61}}],"line":86},"4":{"loc":{"start":{"line":91,"column":14},"end":{"line":91,"column":43}},"type":"binary-expr","locations":[{"start":{"line":91,"column":14},"end":{"line":91,"column":23}},{"start":{"line":91,"column":27},"end":{"line":91,"column":43}}],"line":91},"5":{"loc":{"start":{"line":95,"column":15},"end":{"line":95,"column":61}},"type":"cond-expr","locations":[{"start":{"line":95,"column":33},"end":{"line":95,"column":37}},{"start":{"line":95,"column":40},"end":{"line":95,"column":61}}],"line":95},"6":{"loc":{"start":{"line":113,"column":8},"end":{"line":120,"column":9}},"type":"if","locations":[{"start":{"line":113,"column":8},"end":{"line":120,"column":9}},{"start":{"line":113,"column":8},"end":{"line":120,"column":9}}],"line":113},"7":{"loc":{"start":{"line":115,"column":15},"end":{"line":120,"column":9}},"type":"if","locations":[{"start":{"line":115,"column":15},"end":{"line":120,"column":9}},{"start":{"line":115,"column":15},"end":{"line":120,"column":9}}],"line":115}},"s":{"0":30,"1":30,"2":30,"3":34,"4":30,"5":32,"6":56,"7":6,"8":37,"9":10,"10":10,"11":10,"12":10,"13":36,"14":10,"15":33,"16":10,"17":28,"18":9,"19":19,"20":19,"21":28,"22":10,"23":2,"24":1,"25":1,"26":1,"27":2,"28":10,"29":2,"30":2,"31":2,"32":2,"33":2,"34":10,"35":3,"36":3,"37":3,"38":3,"39":3,"40":10,"41":3,"42":3,"43":4,"44":3,"45":10,"46":3,"47":3,"48":2,"49":2,"50":3,"51":10,"52":11,"53":10,"54":12,"55":10,"56":1,"57":1,"58":3,"59":3,"60":3,"61":1,"62":10,"63":4,"64":1,"65":3,"66":2,"67":1,"68":1,"69":4,"70":10,"71":3,"72":3,"73":3,"74":10,"75":31,"76":10,"77":62,"78":10,"79":30,"80":10,"81":5,"82":1},"f":{"0":30,"1":34,"2":30,"3":32,"4":56,"5":6,"6":37,"7":10,"8":36,"9":33,"10":28,"11":2,"12":2,"13":3,"14":3,"15":3,"16":11,"17":12,"18":1,"19":4,"20":3,"21":31,"22":62,"23":30,"24":5},"b":{"0":[9,19],"1":[1,1],"2":[7,6],"3":[1,2],"4":[5,3],"5":[1,2],"6":[1,3],"7":[2,1]},"_coverageSchema":"1a1c01bbd47fc00a2c39e90264f33305004495a9","hash":"7be3aec84ff7a4b749dd4b5024a91c477509255b"}
}
