TN:
SF:src/types/DoubleLinkedList.js
FN:7,(anonymous_0)
FN:14,(anonymous_1)
FN:15,(anonymous_2)
FN:17,(anonymous_3)
FN:18,(anonymous_4)
FN:20,(anonymous_5)
FN:21,(anonymous_6)
FN:35,(anonymous_7)
FN:41,(anonymous_8)
FN:43,(anonymous_9)
FN:45,(anonymous_10)
FN:55,(anonymous_11)
FN:65,(anonymous_12)
FN:73,(anonymous_13)
FN:81,(anonymous_14)
FN:89,(anonymous_15)
FN:98,(anonymous_16)
FN:100,(anonymous_17)
FN:102,(anonymous_18)
FN:112,(anonymous_19)
FN:124,(anonymous_20)
FN:131,(anonymous_21)
FN:132,(anonymous_22)
FN:133,(anonymous_23)
FN:134,(anonymous_24)
FNF:25
FNH:25
FNDA:30,(anonymous_0)
FNDA:34,(anonymous_1)
FNDA:30,(anonymous_2)
FNDA:32,(anonymous_3)
FNDA:56,(anonymous_4)
FNDA:6,(anonymous_5)
FNDA:37,(anonymous_6)
FNDA:10,(anonymous_7)
FNDA:36,(anonymous_8)
FNDA:33,(anonymous_9)
FNDA:28,(anonymous_10)
FNDA:2,(anonymous_11)
FNDA:2,(anonymous_12)
FNDA:3,(anonymous_13)
FNDA:3,(anonymous_14)
FNDA:3,(anonymous_15)
FNDA:11,(anonymous_16)
FNDA:12,(anonymous_17)
FNDA:1,(anonymous_18)
FNDA:4,(anonymous_19)
FNDA:3,(anonymous_20)
FNDA:31,(anonymous_21)
FNDA:62,(anonymous_22)
FNDA:30,(anonymous_23)
FNDA:5,(anonymous_24)
DA:9,30
DA:10,30
DA:11,30
DA:14,34
DA:15,30
DA:17,32
DA:18,56
DA:20,6
DA:21,37
DA:36,10
DA:37,10
DA:38,10
DA:41,36
DA:43,33
DA:45,10
DA:46,28
DA:47,9
DA:49,19
DA:50,19
DA:52,28
DA:55,10
DA:56,2
DA:57,1
DA:59,1
DA:60,1
DA:62,2
DA:65,10
DA:66,2
DA:67,2
DA:68,2
DA:69,2
DA:70,2
DA:73,10
DA:74,3
DA:75,3
DA:76,3
DA:77,3
DA:78,3
DA:81,10
DA:82,3
DA:83,3
DA:84,4
DA:86,3
DA:89,10
DA:90,3
DA:91,3
DA:92,2
DA:93,2
DA:95,3
DA:98,11
DA:100,12
DA:102,10
DA:103,1
DA:104,1
DA:105,3
DA:106,3
DA:107,3
DA:109,1
DA:112,10
DA:113,4
DA:114,1
DA:115,3
DA:116,2
DA:118,1
DA:119,1
DA:121,4
DA:124,10
DA:125,3
DA:126,3
DA:127,3
DA:131,31
DA:132,62
DA:133,30
DA:134,10
DA:138,1
LF:75
LH:75
BRDA:46,0,0,9
BRDA:46,0,1,19
BRDA:56,1,0,1
BRDA:56,1,1,1
BRDA:83,2,0,7
BRDA:83,2,1,6
BRDA:86,3,0,1
BRDA:86,3,1,2
BRDA:91,4,0,5
BRDA:91,4,1,3
BRDA:95,5,0,1
BRDA:95,5,1,2
BRDA:113,6,0,1
BRDA:113,6,1,3
BRDA:115,7,0,2
BRDA:115,7,1,1
BRF:16
BRH:16
end_of_record
