<?xml version="1.0" encoding="UTF-8"?>
<coverage generated="1594605308918" clover="3.2.0">
  <project timestamp="1594605308918" name="All files">
    <metrics statements="76" coveredstatements="68" conditionals="51" coveredconditionals="36" methods="25" coveredmethods="21" elements="152" coveredelements="125" complexity="0" loc="76" ncloc="76" packages="1" files="1" classes="1"/>
    <file name="JSBinarySearchTree.js" path="/Users/jas/Development/data-structures-algorithms/node/binary-search-tree/src/types/JSBinarySearchTree.js">
      <metrics statements="76" coveredstatements="68" conditionals="51" coveredconditionals="36" methods="25" coveredmethods="21"/>
      <line num="7" count="104" type="stmt"/>
      <line num="8" count="104" type="stmt"/>
      <line num="9" count="104" type="stmt"/>
      <line num="12" count="572" type="stmt"/>
      <line num="13" count="1" type="stmt"/>
      <line num="15" count="196" type="stmt"/>
      <line num="16" count="51" type="stmt"/>
      <line num="18" count="181" type="stmt"/>
      <line num="19" count="51" type="stmt"/>
      <line num="26" count="4" type="stmt"/>
      <line num="28" count="9" type="stmt"/>
      <line num="30" count="4" type="stmt"/>
      <line num="31" count="104" type="cond" truecount="2" falsecount="0"/>
      <line num="32" count="8" type="stmt"/>
      <line num="34" count="96" type="stmt"/>
      <line num="38" count="26" type="stmt"/>
      <line num="40" count="7" type="stmt"/>
      <line num="42" count="4" type="stmt"/>
      <line num="44" count="4" type="stmt"/>
      <line num="54" count="4" type="stmt"/>
      <line num="55" count="0" type="cond" truecount="0" falsecount="4"/>
      <line num="56" count="0" type="stmt"/>
      <line num="57" count="0" type="stmt"/>
      <line num="58" count="0" type="stmt"/>
      <line num="61" count="4" type="stmt"/>
      <line num="62" count="0" type="cond" truecount="0" falsecount="4"/>
      <line num="63" count="0" type="stmt"/>
      <line num="64" count="0" type="stmt"/>
      <line num="65" count="0" type="stmt"/>
      <line num="68" count="4" type="stmt"/>
      <line num="69" count="8" type="cond" truecount="2" falsecount="0"/>
      <line num="70" count="7" type="stmt"/>
      <line num="71" count="7" type="cond" truecount="4" falsecount="0"/>
      <line num="72" count="3" type="stmt"/>
      <line num="73" count="4" type="cond" truecount="4" falsecount="0"/>
      <line num="74" count="1" type="stmt"/>
      <line num="75" count="1" type="stmt"/>
      <line num="76" count="1" type="stmt"/>
      <line num="78" count="3" type="cond" truecount="2" falsecount="0"/>
      <line num="79" count="2" type="cond" truecount="1" falsecount="1"/>
      <line num="80" count="1" type="cond" truecount="1" falsecount="1"/>
      <line num="81" count="1" type="cond" truecount="1" falsecount="1"/>
      <line num="87" count="4" type="stmt"/>
      <line num="88" count="1" type="stmt"/>
      <line num="89" count="1" type="stmt"/>
      <line num="90" count="1" type="stmt"/>
      <line num="92" count="1" type="stmt"/>
      <line num="95" count="4" type="stmt"/>
      <line num="96" count="3" type="cond" truecount="2" falsecount="0"/>
      <line num="97" count="2" type="stmt"/>
      <line num="98" count="1" type="cond" truecount="1" falsecount="1"/>
      <line num="99" count="1" type="stmt"/>
      <line num="103" count="4" type="stmt"/>
      <line num="104" count="7" type="stmt"/>
      <line num="105" count="7" type="stmt"/>
      <line num="106" count="9" type="cond" truecount="2" falsecount="0"/>
      <line num="108" count="7" type="stmt"/>
      <line num="111" count="16" type="cond" truecount="3" falsecount="0"/>
      <line num="113" count="4" type="cond" truecount="2" falsecount="2"/>
      <line num="117" count="4" type="stmt"/>
      <line num="118" count="33" type="stmt"/>
      <line num="119" count="33" type="cond" truecount="2" falsecount="0"/>
      <line num="120" count="80" type="cond" truecount="2" falsecount="0"/>
      <line num="122" count="33" type="stmt"/>
      <line num="125" count="4" type="stmt"/>
      <line num="126" count="96" type="stmt"/>
      <line num="127" count="96" type="stmt"/>
      <line num="128" count="96" type="stmt"/>
      <line num="129" count="224" type="stmt"/>
      <line num="130" count="224" type="cond" truecount="2" falsecount="0"/>
      <line num="132" count="96" type="cond" truecount="2" falsecount="0"/>
      <line num="133" count="48" type="stmt"/>
      <line num="134" count="48" type="cond" truecount="1" falsecount="1"/>
      <line num="135" count="48" type="stmt"/>
      <line num="139" count="240" type="stmt"/>
      <line num="142" count="1" type="stmt"/>
    </file>
  </project>
</coverage>
