{"/Users/jas/Development/data-structures-algorithms/node/binary-search-tree/src/types/JSBinarySearchTree.js": {"path":"/Users/jas/Development/data-structures-algorithms/node/binary-search-tree/src/types/JSBinarySearchTree.js","statementMap":{"0":{"start":{"line":7,"column":8},"end":{"line":7,"column":29}},"1":{"start":{"line":8,"column":8},"end":{"line":8,"column":27}},"2":{"start":{"line":9,"column":8},"end":{"line":9,"column":28}},"3":{"start":{"line":12,"column":18},"end":{"line":12,"column":38}},"4":{"start":{"line":13,"column":23},"end":{"line":13,"column":44}},"5":{"start":{"line":15,"column":17},"end":{"line":15,"column":36}},"6":{"start":{"line":16,"column":22},"end":{"line":16,"column":42}},"7":{"start":{"line":18,"column":18},"end":{"line":18,"column":38}},"8":{"start":{"line":19,"column":23},"end":{"line":19,"column":44}},"9":{"start":{"line":26,"column":20},"end":{"line":26,"column":41}},"10":{"start":{"line":28,"column":12},"end":{"line":28,"column":36}},"11":{"start":{"line":28,"column":18},"end":{"line":28,"column":36}},"12":{"start":{"line":30,"column":10},"end":{"line":36,"column":5}},"13":{"start":{"line":31,"column":8},"end":{"line":35,"column":9}},"14":{"start":{"line":32,"column":12},"end":{"line":32,"column":41}},"15":{"start":{"line":34,"column":12},"end":{"line":34,"column":32}},"16":{"start":{"line":38,"column":15},"end":{"line":38,"column":54}},"17":{"start":{"line":38,"column":25},"end":{"line":38,"column":54}},"18":{"start":{"line":40,"column":13},"end":{"line":40,"column":61}},"19":{"start":{"line":40,"column":23},"end":{"line":40,"column":61}},"20":{"start":{"line":42,"column":15},"end":{"line":42,"column":51}},"21":{"start":{"line":42,"column":21},"end":{"line":42,"column":51}},"22":{"start":{"line":44,"column":14},"end":{"line":44,"column":49}},"23":{"start":{"line":44,"column":20},"end":{"line":44,"column":49}},"24":{"start":{"line":54,"column":18},"end":{"line":59,"column":5}},"25":{"start":{"line":55,"column":8},"end":{"line":55,"column":56}},"26":{"start":{"line":55,"column":49},"end":{"line":55,"column":56}},"27":{"start":{"line":56,"column":8},"end":{"line":56,"column":32}},"28":{"start":{"line":57,"column":8},"end":{"line":57,"column":36}},"29":{"start":{"line":58,"column":8},"end":{"line":58,"column":37}},"30":{"start":{"line":61,"column":17},"end":{"line":66,"column":5}},"31":{"start":{"line":62,"column":8},"end":{"line":62,"column":56}},"32":{"start":{"line":62,"column":49},"end":{"line":62,"column":56}},"33":{"start":{"line":63,"column":8},"end":{"line":63,"column":35}},"34":{"start":{"line":64,"column":8},"end":{"line":64,"column":32}},"35":{"start":{"line":65,"column":8},"end":{"line":65,"column":36}},"36":{"start":{"line":68,"column":18},"end":{"line":85,"column":5}},"37":{"start":{"line":69,"column":8},"end":{"line":84,"column":9}},"38":{"start":{"line":70,"column":27},"end":{"line":70,"column":45}},"39":{"start":{"line":71,"column":12},"end":{"line":83,"column":13}},"40":{"start":{"line":72,"column":16},"end":{"line":72,"column":48}},"41":{"start":{"line":73,"column":19},"end":{"line":83,"column":13}},"42":{"start":{"line":74,"column":36},"end":{"line":74,"column":59}},"43":{"start":{"line":75,"column":16},"end":{"line":75,"column":46}},"44":{"start":{"line":76,"column":16},"end":{"line":76,"column":47}},"45":{"start":{"line":78,"column":16},"end":{"line":82,"column":17}},"46":{"start":{"line":79,"column":20},"end":{"line":79,"column":94}},"47":{"start":{"line":80,"column":23},"end":{"line":82,"column":17}},"48":{"start":{"line":81,"column":20},"end":{"line":81,"column":96}},"49":{"start":{"line":87,"column":19},"end":{"line":93,"column":5}},"50":{"start":{"line":88,"column":8},"end":{"line":88,"column":26}},"51":{"start":{"line":89,"column":8},"end":{"line":91,"column":9}},"52":{"start":{"line":90,"column":12},"end":{"line":90,"column":29}},"53":{"start":{"line":92,"column":8},"end":{"line":92,"column":20}},"54":{"start":{"line":95,"column":19},"end":{"line":101,"column":5}},"55":{"start":{"line":96,"column":8},"end":{"line":100,"column":9}},"56":{"start":{"line":97,"column":12},"end":{"line":97,"column":31}},"57":{"start":{"line":98,"column":15},"end":{"line":100,"column":9}},"58":{"start":{"line":99,"column":12},"end":{"line":99,"column":32}},"59":{"start":{"line":103,"column":14},"end":{"line":109,"column":5}},"60":{"start":{"line":104,"column":19},"end":{"line":104,"column":31}},"61":{"start":{"line":105,"column":8},"end":{"line":107,"column":9}},"62":{"start":{"line":106,"column":12},"end":{"line":106,"column":69}},"63":{"start":{"line":108,"column":8},"end":{"line":108,"column":20}},"64":{"start":{"line":111,"column":16},"end":{"line":111,"column":95}},"65":{"start":{"line":111,"column":33},"end":{"line":111,"column":95}},"66":{"start":{"line":113,"column":13},"end":{"line":113,"column":101}},"67":{"start":{"line":113,"column":27},"end":{"line":113,"column":101}},"68":{"start":{"line":117,"column":16},"end":{"line":123,"column":5}},"69":{"start":{"line":118,"column":19},"end":{"line":118,"column":31}},"70":{"start":{"line":119,"column":8},"end":{"line":121,"column":9}},"71":{"start":{"line":120,"column":12},"end":{"line":120,"column":62}},"72":{"start":{"line":122,"column":8},"end":{"line":122,"column":20}},"73":{"start":{"line":125,"column":15},"end":{"line":137,"column":5}},"74":{"start":{"line":126,"column":19},"end":{"line":126,"column":31}},"75":{"start":{"line":127,"column":20},"end":{"line":127,"column":24}},"76":{"start":{"line":128,"column":8},"end":{"line":131,"column":9}},"77":{"start":{"line":129,"column":12},"end":{"line":129,"column":25}},"78":{"start":{"line":130,"column":12},"end":{"line":130,"column":63}},"79":{"start":{"line":132,"column":8},"end":{"line":136,"column":9}},"80":{"start":{"line":133,"column":12},"end":{"line":133,"column":40}},"81":{"start":{"line":134,"column":15},"end":{"line":136,"column":9}},"82":{"start":{"line":135,"column":12},"end":{"line":135,"column":39}},"83":{"start":{"line":139,"column":12},"end":{"line":139,"column":29}},"84":{"start":{"line":139,"column":18},"end":{"line":139,"column":29}},"85":{"start":{"line":142,"column":0},"end":{"line":142,"column":36}}},"fnMap":{"0":{"name":"(anonymous_0)","decl":{"start":{"line":6,"column":4},"end":{"line":6,"column":5}},"loc":{"start":{"line":6,"column":23},"end":{"line":10,"column":5}},"line":6},"1":{"name":"(anonymous_1)","decl":{"start":{"line":12,"column":4},"end":{"line":12,"column":5}},"loc":{"start":{"line":12,"column":16},"end":{"line":12,"column":40}},"line":12},"2":{"name":"(anonymous_2)","decl":{"start":{"line":13,"column":4},"end":{"line":13,"column":5}},"loc":{"start":{"line":13,"column":21},"end":{"line":13,"column":46}},"line":13},"3":{"name":"(anonymous_3)","decl":{"start":{"line":15,"column":4},"end":{"line":15,"column":5}},"loc":{"start":{"line":15,"column":15},"end":{"line":15,"column":38}},"line":15},"4":{"name":"(anonymous_4)","decl":{"start":{"line":16,"column":4},"end":{"line":16,"column":5}},"loc":{"start":{"line":16,"column":20},"end":{"line":16,"column":44}},"line":16},"5":{"name":"(anonymous_5)","decl":{"start":{"line":18,"column":4},"end":{"line":18,"column":5}},"loc":{"start":{"line":18,"column":16},"end":{"line":18,"column":40}},"line":18},"6":{"name":"(anonymous_6)","decl":{"start":{"line":19,"column":4},"end":{"line":19,"column":5}},"loc":{"start":{"line":19,"column":21},"end":{"line":19,"column":46}},"line":19},"7":{"name":"(anonymous_7)","decl":{"start":{"line":26,"column":4},"end":{"line":26,"column":5}},"loc":{"start":{"line":26,"column":18},"end":{"line":26,"column":43}},"line":26},"8":{"name":"(anonymous_8)","decl":{"start":{"line":28,"column":12},"end":{"line":28,"column":13}},"loc":{"start":{"line":28,"column":18},"end":{"line":28,"column":36}},"line":28},"9":{"name":"(anonymous_9)","decl":{"start":{"line":30,"column":10},"end":{"line":30,"column":11}},"loc":{"start":{"line":30,"column":20},"end":{"line":36,"column":5}},"line":30},"10":{"name":"(anonymous_10)","decl":{"start":{"line":38,"column":15},"end":{"line":38,"column":16}},"loc":{"start":{"line":38,"column":25},"end":{"line":38,"column":54}},"line":38},"11":{"name":"(anonymous_11)","decl":{"start":{"line":40,"column":13},"end":{"line":40,"column":14}},"loc":{"start":{"line":40,"column":23},"end":{"line":40,"column":61}},"line":40},"12":{"name":"(anonymous_12)","decl":{"start":{"line":42,"column":15},"end":{"line":42,"column":16}},"loc":{"start":{"line":42,"column":21},"end":{"line":42,"column":51}},"line":42},"13":{"name":"(anonymous_13)","decl":{"start":{"line":44,"column":14},"end":{"line":44,"column":15}},"loc":{"start":{"line":44,"column":20},"end":{"line":44,"column":49}},"line":44},"14":{"name":"(anonymous_14)","decl":{"start":{"line":54,"column":18},"end":{"line":54,"column":19}},"loc":{"start":{"line":54,"column":28},"end":{"line":59,"column":5}},"line":54},"15":{"name":"(anonymous_15)","decl":{"start":{"line":61,"column":17},"end":{"line":61,"column":18}},"loc":{"start":{"line":61,"column":27},"end":{"line":66,"column":5}},"line":61},"16":{"name":"(anonymous_16)","decl":{"start":{"line":68,"column":18},"end":{"line":68,"column":19}},"loc":{"start":{"line":68,"column":28},"end":{"line":85,"column":5}},"line":68},"17":{"name":"(anonymous_17)","decl":{"start":{"line":87,"column":19},"end":{"line":87,"column":20}},"loc":{"start":{"line":87,"column":29},"end":{"line":93,"column":5}},"line":87},"18":{"name":"(anonymous_18)","decl":{"start":{"line":95,"column":19},"end":{"line":95,"column":20}},"loc":{"start":{"line":95,"column":38},"end":{"line":101,"column":5}},"line":95},"19":{"name":"(anonymous_19)","decl":{"start":{"line":103,"column":14},"end":{"line":103,"column":15}},"loc":{"start":{"line":103,"column":25},"end":{"line":109,"column":5}},"line":103},"20":{"name":"(anonymous_20)","decl":{"start":{"line":111,"column":16},"end":{"line":111,"column":17}},"loc":{"start":{"line":111,"column":33},"end":{"line":111,"column":95}},"line":111},"21":{"name":"(anonymous_21)","decl":{"start":{"line":113,"column":13},"end":{"line":113,"column":14}},"loc":{"start":{"line":113,"column":27},"end":{"line":113,"column":101}},"line":113},"22":{"name":"(anonymous_22)","decl":{"start":{"line":117,"column":16},"end":{"line":117,"column":17}},"loc":{"start":{"line":117,"column":26},"end":{"line":123,"column":5}},"line":117},"23":{"name":"(anonymous_23)","decl":{"start":{"line":125,"column":15},"end":{"line":125,"column":16}},"loc":{"start":{"line":125,"column":25},"end":{"line":137,"column":5}},"line":125},"24":{"name":"(anonymous_24)","decl":{"start":{"line":139,"column":12},"end":{"line":139,"column":13}},"loc":{"start":{"line":139,"column":18},"end":{"line":139,"column":29}},"line":139}},"branchMap":{"0":{"loc":{"start":{"line":31,"column":8},"end":{"line":35,"column":9}},"type":"if","locations":[{"start":{"line":31,"column":8},"end":{"line":35,"column":9}},{"start":{"line":31,"column":8},"end":{"line":35,"column":9}}],"line":31},"1":{"loc":{"start":{"line":55,"column":8},"end":{"line":55,"column":56}},"type":"if","locations":[{"start":{"line":55,"column":8},"end":{"line":55,"column":56}},{"start":{"line":55,"column":8},"end":{"line":55,"column":56}}],"line":55},"2":{"loc":{"start":{"line":55,"column":12},"end":{"line":55,"column":47}},"type":"binary-expr","locations":[{"start":{"line":55,"column":12},"end":{"line":55,"column":25}},{"start":{"line":55,"column":29},"end":{"line":55,"column":47}}],"line":55},"3":{"loc":{"start":{"line":62,"column":8},"end":{"line":62,"column":56}},"type":"if","locations":[{"start":{"line":62,"column":8},"end":{"line":62,"column":56}},{"start":{"line":62,"column":8},"end":{"line":62,"column":56}}],"line":62},"4":{"loc":{"start":{"line":62,"column":12},"end":{"line":62,"column":47}},"type":"binary-expr","locations":[{"start":{"line":62,"column":12},"end":{"line":62,"column":25}},{"start":{"line":62,"column":29},"end":{"line":62,"column":47}}],"line":62},"5":{"loc":{"start":{"line":69,"column":8},"end":{"line":84,"column":9}},"type":"if","locations":[{"start":{"line":69,"column":8},"end":{"line":84,"column":9}},{"start":{"line":69,"column":8},"end":{"line":84,"column":9}}],"line":69},"6":{"loc":{"start":{"line":71,"column":12},"end":{"line":83,"column":13}},"type":"if","locations":[{"start":{"line":71,"column":12},"end":{"line":83,"column":13}},{"start":{"line":71,"column":12},"end":{"line":83,"column":13}}],"line":71},"7":{"loc":{"start":{"line":71,"column":15},"end":{"line":71,"column":56}},"type":"binary-expr","locations":[{"start":{"line":71,"column":15},"end":{"line":71,"column":33}},{"start":{"line":71,"column":37},"end":{"line":71,"column":56}}],"line":71},"8":{"loc":{"start":{"line":73,"column":19},"end":{"line":83,"column":13}},"type":"if","locations":[{"start":{"line":73,"column":19},"end":{"line":83,"column":13}},{"start":{"line":73,"column":19},"end":{"line":83,"column":13}}],"line":73},"9":{"loc":{"start":{"line":73,"column":22},"end":{"line":73,"column":63}},"type":"binary-expr","locations":[{"start":{"line":73,"column":22},"end":{"line":73,"column":40}},{"start":{"line":73,"column":44},"end":{"line":73,"column":63}}],"line":73},"10":{"loc":{"start":{"line":78,"column":16},"end":{"line":82,"column":17}},"type":"if","locations":[{"start":{"line":78,"column":16},"end":{"line":82,"column":17}},{"start":{"line":78,"column":16},"end":{"line":82,"column":17}}],"line":78},"11":{"loc":{"start":{"line":79,"column":20},"end":{"line":79,"column":93}},"type":"cond-expr","locations":[{"start":{"line":79,"column":43},"end":{"line":79,"column":66}},{"start":{"line":79,"column":69},"end":{"line":79,"column":93}}],"line":79},"12":{"loc":{"start":{"line":80,"column":23},"end":{"line":82,"column":17}},"type":"if","locations":[{"start":{"line":80,"column":23},"end":{"line":82,"column":17}},{"start":{"line":80,"column":23},"end":{"line":82,"column":17}}],"line":80},"13":{"loc":{"start":{"line":81,"column":20},"end":{"line":81,"column":95}},"type":"cond-expr","locations":[{"start":{"line":81,"column":43},"end":{"line":81,"column":67}},{"start":{"line":81,"column":70},"end":{"line":81,"column":95}}],"line":81},"14":{"loc":{"start":{"line":96,"column":8},"end":{"line":100,"column":9}},"type":"if","locations":[{"start":{"line":96,"column":8},"end":{"line":100,"column":9}},{"start":{"line":96,"column":8},"end":{"line":100,"column":9}}],"line":96},"15":{"loc":{"start":{"line":98,"column":15},"end":{"line":100,"column":9}},"type":"if","locations":[{"start":{"line":98,"column":15},"end":{"line":100,"column":9}},{"start":{"line":98,"column":15},"end":{"line":100,"column":9}}],"line":98},"16":{"loc":{"start":{"line":106,"column":19},"end":{"line":106,"column":68}},"type":"cond-expr","locations":[{"start":{"line":106,"column":46},"end":{"line":106,"column":56}},{"start":{"line":106,"column":59},"end":{"line":106,"column":68}}],"line":106},"17":{"loc":{"start":{"line":111,"column":33},"end":{"line":111,"column":95}},"type":"binary-expr","locations":[{"start":{"line":111,"column":33},"end":{"line":111,"column":46}},{"start":{"line":111,"column":51},"end":{"line":111,"column":70}},{"start":{"line":111,"column":74},"end":{"line":111,"column":94}}],"line":111},"18":{"loc":{"start":{"line":113,"column":27},"end":{"line":113,"column":101}},"type":"binary-expr","locations":[{"start":{"line":113,"column":28},"end":{"line":113,"column":39}},{"start":{"line":113,"column":45},"end":{"line":113,"column":57}},{"start":{"line":113,"column":61},"end":{"line":113,"column":73}},{"start":{"line":113,"column":77},"end":{"line":113,"column":100}}],"line":113},"19":{"loc":{"start":{"line":119,"column":14},"end":{"line":119,"column":50}},"type":"binary-expr","locations":[{"start":{"line":119,"column":14},"end":{"line":119,"column":27}},{"start":{"line":119,"column":31},"end":{"line":119,"column":50}}],"line":119},"20":{"loc":{"start":{"line":120,"column":19},"end":{"line":120,"column":61}},"type":"cond-expr","locations":[{"start":{"line":120,"column":39},"end":{"line":120,"column":49}},{"start":{"line":120,"column":52},"end":{"line":120,"column":61}}],"line":120},"21":{"loc":{"start":{"line":130,"column":20},"end":{"line":130,"column":62}},"type":"cond-expr","locations":[{"start":{"line":130,"column":40},"end":{"line":130,"column":50}},{"start":{"line":130,"column":53},"end":{"line":130,"column":62}}],"line":130},"22":{"loc":{"start":{"line":132,"column":8},"end":{"line":136,"column":9}},"type":"if","locations":[{"start":{"line":132,"column":8},"end":{"line":136,"column":9}},{"start":{"line":132,"column":8},"end":{"line":136,"column":9}}],"line":132},"23":{"loc":{"start":{"line":134,"column":15},"end":{"line":136,"column":9}},"type":"if","locations":[{"start":{"line":134,"column":15},"end":{"line":136,"column":9}},{"start":{"line":134,"column":15},"end":{"line":136,"column":9}}],"line":134}},"s":{"0":104,"1":104,"2":104,"3":572,"4":1,"5":196,"6":51,"7":181,"8":51,"9":4,"10":4,"11":9,"12":4,"13":104,"14":8,"15":96,"16":4,"17":26,"18":4,"19":7,"20":4,"21":0,"22":4,"23":0,"24":4,"25":0,"26":0,"27":0,"28":0,"29":0,"30":4,"31":0,"32":0,"33":0,"34":0,"35":0,"36":4,"37":8,"38":7,"39":7,"40":3,"41":4,"42":1,"43":1,"44":1,"45":3,"46":2,"47":1,"48":1,"49":4,"50":1,"51":1,"52":1,"53":1,"54":4,"55":3,"56":2,"57":1,"58":1,"59":4,"60":7,"61":7,"62":9,"63":7,"64":4,"65":16,"66":4,"67":4,"68":4,"69":33,"70":33,"71":80,"72":33,"73":4,"74":96,"75":96,"76":96,"77":224,"78":224,"79":96,"80":48,"81":48,"82":48,"83":4,"84":240,"85":1},"f":{"0":104,"1":572,"2":1,"3":196,"4":51,"5":181,"6":51,"7":4,"8":9,"9":104,"10":26,"11":7,"12":0,"13":0,"14":0,"15":0,"16":8,"17":1,"18":3,"19":7,"20":16,"21":4,"22":33,"23":96,"24":240},"b":{"0":[8,96],"1":[0,0],"2":[0,0],"3":[0,0],"4":[0,0],"5":[7,1],"6":[3,4],"7":[7,4],"8":[1,3],"9":[4,3],"10":[2,1],"11":[0,2],"12":[1,0],"13":[1,0],"14":[2,1],"15":[1,0],"16":[5,4],"17":[16,16,12],"18":[4,1,0,0],"19":[113,105],"20":[41,39],"21":[112,112],"22":[48,48],"23":[48,0]},"_coverageSchema":"1a1c01bbd47fc00a2c39e90264f33305004495a9","hash":"504d9cb8a57faa25cd057ae658fe657bc0e50710"}
}
