TN:
SF:src/types/JSBinarySearchTree.js
FN:6,(anonymous_0)
FN:12,(anonymous_1)
FN:13,(anonymous_2)
FN:15,(anonymous_3)
FN:16,(anonymous_4)
FN:18,(anonymous_5)
FN:19,(anonymous_6)
FN:26,(anonymous_7)
FN:28,(anonymous_8)
FN:30,(anonymous_9)
FN:38,(anonymous_10)
FN:40,(anonymous_11)
FN:42,(anonymous_12)
FN:44,(anonymous_13)
FN:54,(anonymous_14)
FN:61,(anonymous_15)
FN:68,(anonymous_16)
FN:87,(anonymous_17)
FN:95,(anonymous_18)
FN:103,(anonymous_19)
FN:111,(anonymous_20)
FN:113,(anonymous_21)
FN:117,(anonymous_22)
FN:125,(anonymous_23)
FN:139,(anonymous_24)
FNF:25
FNH:21
FNDA:104,(anonymous_0)
FNDA:572,(anonymous_1)
FNDA:1,(anonymous_2)
FNDA:196,(anonymous_3)
FNDA:51,(anonymous_4)
FNDA:181,(anonymous_5)
FNDA:51,(anonymous_6)
FNDA:4,(anonymous_7)
FNDA:9,(anonymous_8)
FNDA:104,(anonymous_9)
FNDA:26,(anonymous_10)
FNDA:7,(anonymous_11)
FNDA:0,(anonymous_12)
FNDA:0,(anonymous_13)
FNDA:0,(anonymous_14)
FNDA:0,(anonymous_15)
FNDA:8,(anonymous_16)
FNDA:1,(anonymous_17)
FNDA:3,(anonymous_18)
FNDA:7,(anonymous_19)
FNDA:16,(anonymous_20)
FNDA:4,(anonymous_21)
FNDA:33,(anonymous_22)
FNDA:96,(anonymous_23)
FNDA:240,(anonymous_24)
DA:7,104
DA:8,104
DA:9,104
DA:12,572
DA:13,1
DA:15,196
DA:16,51
DA:18,181
DA:19,51
DA:26,4
DA:28,9
DA:30,4
DA:31,104
DA:32,8
DA:34,96
DA:38,26
DA:40,7
DA:42,4
DA:44,4
DA:54,4
DA:55,0
DA:56,0
DA:57,0
DA:58,0
DA:61,4
DA:62,0
DA:63,0
DA:64,0
DA:65,0
DA:68,4
DA:69,8
DA:70,7
DA:71,7
DA:72,3
DA:73,4
DA:74,1
DA:75,1
DA:76,1
DA:78,3
DA:79,2
DA:80,1
DA:81,1
DA:87,4
DA:88,1
DA:89,1
DA:90,1
DA:92,1
DA:95,4
DA:96,3
DA:97,2
DA:98,1
DA:99,1
DA:103,4
DA:104,7
DA:105,7
DA:106,9
DA:108,7
DA:111,16
DA:113,4
DA:117,4
DA:118,33
DA:119,33
DA:120,80
DA:122,33
DA:125,4
DA:126,96
DA:127,96
DA:128,96
DA:129,224
DA:130,224
DA:132,96
DA:133,48
DA:134,48
DA:135,48
DA:139,240
DA:142,1
LF:76
LH:68
BRDA:31,0,0,8
BRDA:31,0,1,96
BRDA:55,1,0,0
BRDA:55,1,1,0
BRDA:55,2,0,0
BRDA:55,2,1,0
BRDA:62,3,0,0
BRDA:62,3,1,0
BRDA:62,4,0,0
BRDA:62,4,1,0
BRDA:69,5,0,7
BRDA:69,5,1,1
BRDA:71,6,0,3
BRDA:71,6,1,4
BRDA:71,7,0,7
BRDA:71,7,1,4
BRDA:73,8,0,1
BRDA:73,8,1,3
BRDA:73,9,0,4
BRDA:73,9,1,3
BRDA:78,10,0,2
BRDA:78,10,1,1
BRDA:79,11,0,0
BRDA:79,11,1,2
BRDA:80,12,0,1
BRDA:80,12,1,0
BRDA:81,13,0,1
BRDA:81,13,1,0
BRDA:96,14,0,2
BRDA:96,14,1,1
BRDA:98,15,0,1
BRDA:98,15,1,0
BRDA:106,16,0,5
BRDA:106,16,1,4
BRDA:111,17,0,16
BRDA:111,17,1,16
BRDA:111,17,2,12
BRDA:113,18,0,4
BRDA:113,18,1,1
BRDA:113,18,2,0
BRDA:113,18,3,0
BRDA:119,19,0,113
BRDA:119,19,1,105
BRDA:120,20,0,41
BRDA:120,20,1,39
BRDA:130,21,0,112
BRDA:130,21,1,112
BRDA:132,22,0,48
BRDA:132,22,1,48
BRDA:134,23,0,48
BRDA:134,23,1,0
BRF:51
BRH:36
end_of_record
