<?xml version="1.0" encoding="UTF-8"?>
<coverage generated="1594249525143" clover="3.2.0">
  <project timestamp="1594249525143" name="All files">
    <metrics statements="42" coveredstatements="42" conditionals="14" coveredconditionals="14" methods="14" coveredmethods="14" elements="70" coveredelements="70" complexity="0" loc="42" ncloc="42" packages="1" files="1" classes="1"/>
    <file name="JSPQueue.js" path="/Users/jas/Development/data-structures-algorithms/node/pqueue/src/types/JSPQueue.js">
      <metrics statements="42" coveredstatements="42" conditionals="14" coveredconditionals="14" methods="14" coveredmethods="14"/>
      <line num="6" count="4" type="stmt"/>
      <line num="8" count="43" type="stmt"/>
      <line num="10" count="4" type="stmt"/>
      <line num="11" count="14" type="stmt"/>
      <line num="12" count="14" type="cond" truecount="2" falsecount="0"/>
      <line num="13" count="10" type="stmt"/>
      <line num="17" count="4" type="stmt"/>
      <line num="18" count="5" type="stmt"/>
      <line num="19" count="5" type="stmt"/>
      <line num="20" count="5" type="stmt"/>
      <line num="21" count="5" type="stmt"/>
      <line num="22" count="5" type="stmt"/>
      <line num="29" count="6" type="stmt"/>
      <line num="37" count="4" type="stmt"/>
      <line num="39" count="10" type="stmt"/>
      <line num="40" count="8" type="stmt"/>
      <line num="41" count="8" type="stmt"/>
      <line num="45" count="4" type="stmt"/>
      <line num="46" count="5" type="stmt"/>
      <line num="47" count="5" type="stmt"/>
      <line num="48" count="5" type="cond" truecount="2" falsecount="0"/>
      <line num="49" count="3" type="stmt"/>
      <line num="50" count="3" type="stmt"/>
      <line num="51" count="3" type="stmt"/>
      <line num="55" count="4" type="stmt"/>
      <line num="56" count="8" type="stmt"/>
      <line num="57" count="8" type="stmt"/>
      <line num="58" count="8" type="cond" truecount="2" falsecount="0"/>
      <line num="59" count="8" type="cond" truecount="4" falsecount="0"/>
      <line num="60" count="2" type="cond" truecount="2" falsecount="0"/>
      <line num="62" count="8" type="stmt"/>
      <line num="65" count="4" type="stmt"/>
      <line num="66" count="16" type="stmt"/>
      <line num="67" count="16" type="stmt"/>
      <line num="68" count="16" type="stmt"/>
      <line num="71" count="22" type="stmt"/>
      <line num="73" count="66" type="stmt"/>
      <line num="75" count="18" type="cond" truecount="2" falsecount="0"/>
      <line num="77" count="16" type="stmt"/>
      <line num="79" count="8" type="stmt"/>
      <line num="81" count="187" type="stmt"/>
      <line num="85" count="1" type="stmt"/>
    </file>
  </project>
</coverage>
