{"/Users/jas/Development/data-structures-algorithms/node/pqueue/src/types/JSPQueue.js": {"path":"/Users/jas/Development/data-structures-algorithms/node/pqueue/src/types/JSPQueue.js","statementMap":{"0":{"start":{"line":6,"column":14},"end":{"line":6,"column":16}},"1":{"start":{"line":8,"column":11},"end":{"line":8,"column":37}},"2":{"start":{"line":8,"column":17},"end":{"line":8,"column":37}},"3":{"start":{"line":10,"column":14},"end":{"line":15,"column":5}},"4":{"start":{"line":11,"column":8},"end":{"line":11,"column":33}},"5":{"start":{"line":12,"column":8},"end":{"line":14,"column":9}},"6":{"start":{"line":13,"column":12},"end":{"line":13,"column":43}},"7":{"start":{"line":17,"column":14},"end":{"line":23,"column":5}},"8":{"start":{"line":18,"column":23},"end":{"line":18,"column":39}},"9":{"start":{"line":19,"column":8},"end":{"line":19,"column":39}},"10":{"start":{"line":20,"column":8},"end":{"line":20,"column":28}},"11":{"start":{"line":21,"column":8},"end":{"line":21,"column":27}},"12":{"start":{"line":22,"column":8},"end":{"line":22,"column":22}},"13":{"start":{"line":29,"column":11},"end":{"line":29,"column":33}},"14":{"start":{"line":29,"column":17},"end":{"line":29,"column":33}},"15":{"start":{"line":37,"column":16},"end":{"line":43,"column":5}},"16":{"start":{"line":39,"column":8},"end":{"line":42,"column":9}},"17":{"start":{"line":40,"column":12},"end":{"line":40,"column":38}},"18":{"start":{"line":41,"column":12},"end":{"line":41,"column":27}},"19":{"start":{"line":45,"column":18},"end":{"line":53,"column":5}},"20":{"start":{"line":46,"column":20},"end":{"line":46,"column":21}},"21":{"start":{"line":47,"column":21},"end":{"line":47,"column":45}},"22":{"start":{"line":48,"column":8},"end":{"line":52,"column":9}},"23":{"start":{"line":49,"column":12},"end":{"line":49,"column":38}},"24":{"start":{"line":50,"column":12},"end":{"line":50,"column":27}},"25":{"start":{"line":51,"column":12},"end":{"line":51,"column":46}},"26":{"start":{"line":55,"column":19},"end":{"line":63,"column":5}},"27":{"start":{"line":56,"column":21},"end":{"line":56,"column":38}},"28":{"start":{"line":57,"column":22},"end":{"line":57,"column":40}},"29":{"start":{"line":58,"column":21},"end":{"line":58,"column":51}},"30":{"start":{"line":59,"column":8},"end":{"line":61,"column":9}},"31":{"start":{"line":60,"column":12},"end":{"line":60,"column":102}},"32":{"start":{"line":62,"column":8},"end":{"line":62,"column":22}},"33":{"start":{"line":65,"column":12},"end":{"line":69,"column":5}},"34":{"start":{"line":66,"column":20},"end":{"line":66,"column":35}},"35":{"start":{"line":67,"column":8},"end":{"line":67,"column":48}},"36":{"start":{"line":68,"column":8},"end":{"line":68,"column":33}},"37":{"start":{"line":71,"column":15},"end":{"line":71,"column":62}},"38":{"start":{"line":71,"column":29},"end":{"line":71,"column":62}},"39":{"start":{"line":73,"column":12},"end":{"line":73,"column":41}},"40":{"start":{"line":73,"column":21},"end":{"line":73,"column":41}},"41":{"start":{"line":75,"column":14},"end":{"line":75,"column":70}},"42":{"start":{"line":75,"column":25},"end":{"line":75,"column":70}},"43":{"start":{"line":77,"column":12},"end":{"line":77,"column":36}},"44":{"start":{"line":77,"column":23},"end":{"line":77,"column":36}},"45":{"start":{"line":79,"column":13},"end":{"line":79,"column":45}},"46":{"start":{"line":79,"column":24},"end":{"line":79,"column":45}},"47":{"start":{"line":81,"column":13},"end":{"line":81,"column":31}},"48":{"start":{"line":81,"column":19},"end":{"line":81,"column":31}},"49":{"start":{"line":85,"column":0},"end":{"line":85,"column":26}}},"fnMap":{"0":{"name":"(anonymous_0)","decl":{"start":{"line":8,"column":11},"end":{"line":8,"column":12}},"loc":{"start":{"line":8,"column":17},"end":{"line":8,"column":37}},"line":8},"1":{"name":"(anonymous_1)","decl":{"start":{"line":10,"column":14},"end":{"line":10,"column":15}},"loc":{"start":{"line":10,"column":24},"end":{"line":15,"column":5}},"line":10},"2":{"name":"(anonymous_2)","decl":{"start":{"line":17,"column":14},"end":{"line":17,"column":15}},"loc":{"start":{"line":17,"column":20},"end":{"line":23,"column":5}},"line":17},"3":{"name":"(anonymous_3)","decl":{"start":{"line":29,"column":11},"end":{"line":29,"column":12}},"loc":{"start":{"line":29,"column":17},"end":{"line":29,"column":33}},"line":29},"4":{"name":"(anonymous_4)","decl":{"start":{"line":37,"column":16},"end":{"line":37,"column":17}},"loc":{"start":{"line":37,"column":27},"end":{"line":43,"column":5}},"line":37},"5":{"name":"(anonymous_5)","decl":{"start":{"line":45,"column":18},"end":{"line":45,"column":19}},"loc":{"start":{"line":45,"column":24},"end":{"line":53,"column":5}},"line":45},"6":{"name":"(anonymous_6)","decl":{"start":{"line":55,"column":19},"end":{"line":55,"column":20}},"loc":{"start":{"line":55,"column":30},"end":{"line":63,"column":5}},"line":55},"7":{"name":"(anonymous_7)","decl":{"start":{"line":65,"column":12},"end":{"line":65,"column":13}},"loc":{"start":{"line":65,"column":26},"end":{"line":69,"column":5}},"line":65},"8":{"name":"(anonymous_8)","decl":{"start":{"line":71,"column":15},"end":{"line":71,"column":16}},"loc":{"start":{"line":71,"column":29},"end":{"line":71,"column":62}},"line":71},"9":{"name":"(anonymous_9)","decl":{"start":{"line":73,"column":12},"end":{"line":73,"column":13}},"loc":{"start":{"line":73,"column":21},"end":{"line":73,"column":41}},"line":73},"10":{"name":"(anonymous_10)","decl":{"start":{"line":75,"column":14},"end":{"line":75,"column":15}},"loc":{"start":{"line":75,"column":25},"end":{"line":75,"column":70}},"line":75},"11":{"name":"(anonymous_11)","decl":{"start":{"line":77,"column":12},"end":{"line":77,"column":13}},"loc":{"start":{"line":77,"column":23},"end":{"line":77,"column":36}},"line":77},"12":{"name":"(anonymous_12)","decl":{"start":{"line":79,"column":13},"end":{"line":79,"column":14}},"loc":{"start":{"line":79,"column":24},"end":{"line":79,"column":45}},"line":79},"13":{"name":"(anonymous_13)","decl":{"start":{"line":81,"column":13},"end":{"line":81,"column":14}},"loc":{"start":{"line":81,"column":19},"end":{"line":81,"column":31}},"line":81}},"branchMap":{"0":{"loc":{"start":{"line":12,"column":8},"end":{"line":14,"column":9}},"type":"if","locations":[{"start":{"line":12,"column":8},"end":{"line":14,"column":9}},{"start":{"line":12,"column":8},"end":{"line":14,"column":9}}],"line":12},"1":{"loc":{"start":{"line":48,"column":14},"end":{"line":48,"column":63}},"type":"binary-expr","locations":[{"start":{"line":48,"column":14},"end":{"line":48,"column":27}},{"start":{"line":48,"column":31},"end":{"line":48,"column":63}}],"line":48},"2":{"loc":{"start":{"line":58,"column":21},"end":{"line":58,"column":51}},"type":"cond-expr","locations":[{"start":{"line":58,"column":42},"end":{"line":58,"column":46}},{"start":{"line":58,"column":49},"end":{"line":58,"column":51}}],"line":58},"3":{"loc":{"start":{"line":59,"column":8},"end":{"line":61,"column":9}},"type":"if","locations":[{"start":{"line":59,"column":8},"end":{"line":61,"column":9}},{"start":{"line":59,"column":8},"end":{"line":61,"column":9}}],"line":59},"4":{"loc":{"start":{"line":59,"column":11},"end":{"line":59,"column":47}},"type":"binary-expr","locations":[{"start":{"line":59,"column":11},"end":{"line":59,"column":24}},{"start":{"line":59,"column":28},"end":{"line":59,"column":47}}],"line":59},"5":{"loc":{"start":{"line":60,"column":21},"end":{"line":60,"column":102}},"type":"cond-expr","locations":[{"start":{"line":60,"column":90},"end":{"line":60,"column":94}},{"start":{"line":60,"column":97},"end":{"line":60,"column":102}}],"line":60},"6":{"loc":{"start":{"line":75,"column":25},"end":{"line":75,"column":70}},"type":"cond-expr","locations":[{"start":{"line":75,"column":39},"end":{"line":75,"column":40}},{"start":{"line":75,"column":43},"end":{"line":75,"column":70}}],"line":75}},"s":{"0":4,"1":4,"2":43,"3":4,"4":14,"5":14,"6":10,"7":4,"8":5,"9":5,"10":5,"11":5,"12":5,"13":4,"14":6,"15":4,"16":10,"17":8,"18":8,"19":4,"20":5,"21":5,"22":5,"23":3,"24":3,"25":3,"26":4,"27":8,"28":8,"29":8,"30":8,"31":2,"32":8,"33":4,"34":16,"35":16,"36":16,"37":4,"38":22,"39":4,"40":66,"41":4,"42":18,"43":4,"44":16,"45":4,"46":8,"47":4,"48":187,"49":1},"f":{"0":43,"1":14,"2":5,"3":6,"4":10,"5":5,"6":8,"7":16,"8":22,"9":66,"10":18,"11":16,"12":8,"13":187},"b":{"0":[10,4],"1":[8,4],"2":[4,4],"3":[2,6],"4":[8,4],"5":[1,1],"6":[6,12]},"_coverageSchema":"1a1c01bbd47fc00a2c39e90264f33305004495a9","hash":"c6d78bc43e88a32fc31155036d3720836a9c6c85"}
}
