TN:
SF:src/types/JSPQueue.js
FN:8,(anonymous_0)
FN:10,(anonymous_1)
FN:17,(anonymous_2)
FN:29,(anonymous_3)
FN:37,(anonymous_4)
FN:45,(anonymous_5)
FN:55,(anonymous_6)
FN:65,(anonymous_7)
FN:71,(anonymous_8)
FN:73,(anonymous_9)
FN:75,(anonymous_10)
FN:77,(anonymous_11)
FN:79,(anonymous_12)
FN:81,(anonymous_13)
FNF:14
FNH:14
FNDA:43,(anonymous_0)
FNDA:14,(anonymous_1)
FNDA:5,(anonymous_2)
FNDA:6,(anonymous_3)
FNDA:10,(anonymous_4)
FNDA:5,(anonymous_5)
FNDA:8,(anonymous_6)
FNDA:16,(anonymous_7)
FNDA:22,(anonymous_8)
FNDA:66,(anonymous_9)
FNDA:18,(anonymous_10)
FNDA:16,(anonymous_11)
FNDA:8,(anonymous_12)
FNDA:187,(anonymous_13)
DA:6,4
DA:8,43
DA:10,4
DA:11,14
DA:12,14
DA:13,10
DA:17,4
DA:18,5
DA:19,5
DA:20,5
DA:21,5
DA:22,5
DA:29,6
DA:37,4
DA:39,10
DA:40,8
DA:41,8
DA:45,4
DA:46,5
DA:47,5
DA:48,5
DA:49,3
DA:50,3
DA:51,3
DA:55,4
DA:56,8
DA:57,8
DA:58,8
DA:59,8
DA:60,2
DA:62,8
DA:65,4
DA:66,16
DA:67,16
DA:68,16
DA:71,22
DA:73,66
DA:75,18
DA:77,16
DA:79,8
DA:81,187
DA:85,1
LF:42
LH:42
BRDA:12,0,0,10
BRDA:12,0,1,4
BRDA:48,1,0,8
BRDA:48,1,1,4
BRDA:58,2,0,4
BRDA:58,2,1,4
BRDA:59,3,0,2
BRDA:59,3,1,6
BRDA:59,4,0,8
BRDA:59,4,1,4
BRDA:60,5,0,1
BRDA:60,5,1,1
BRDA:75,6,0,6
BRDA:75,6,1,12
BRF:14
BRH:14
end_of_record
