<?xml version="1.0" encoding="UTF-8"?>
<coverage generated="1594268319642" clover="3.2.0">
  <project timestamp="1594268319642" name="All files">
    <metrics statements="22" coveredstatements="22" conditionals="6" coveredconditionals="6" methods="9" coveredmethods="9" elements="37" coveredelements="37" complexity="0" loc="22" ncloc="22" packages="1" files="1" classes="1"/>
    <file name="JSUnionFind.js" path="/Users/jas/Development/data-structures-algorithms/node/unionfind/src/types/JSUnionFind.js">
      <metrics statements="22" coveredstatements="22" conditionals="6" coveredconditionals="6" methods="9" coveredmethods="9"/>
      <line num="6" count="2" type="stmt"/>
      <line num="8" count="2" type="stmt"/>
      <line num="10" count="2" type="stmt"/>
      <line num="11" count="16" type="stmt"/>
      <line num="12" count="16" type="stmt"/>
      <line num="14" count="16" type="cond" truecount="2" falsecount="0"/>
      <line num="15" count="9" type="stmt"/>
      <line num="19" count="4" type="stmt"/>
      <line num="20" count="40" type="cond" truecount="2" falsecount="0"/>
      <line num="29" count="2" type="stmt"/>
      <line num="30" count="32" type="stmt"/>
      <line num="31" count="32" type="stmt"/>
      <line num="32" count="10" type="stmt"/>
      <line num="35" count="32" type="stmt"/>
      <line num="36" count="10" type="stmt"/>
      <line num="37" count="10" type="stmt"/>
      <line num="38" count="10" type="stmt"/>
      <line num="40" count="32" type="stmt"/>
      <line num="43" count="2" type="stmt"/>
      <line num="45" count="85" type="cond" truecount="2" falsecount="0"/>
      <line num="47" count="42" type="stmt"/>
      <line num="50" count="1" type="stmt"/>
    </file>
  </project>
</coverage>
