{"/Users/jas/Development/data-structures-algorithms/node/unionfind/src/types/JSUnionFind.js": {"path":"/Users/jas/Development/data-structures-algorithms/node/unionfind/src/types/JSUnionFind.js","statementMap":{"0":{"start":{"line":6,"column":24},"end":{"line":6,"column":43}},"1":{"start":{"line":8,"column":11},"end":{"line":8,"column":28}},"2":{"start":{"line":8,"column":17},"end":{"line":8,"column":28}},"3":{"start":{"line":10,"column":12},"end":{"line":17,"column":5}},"4":{"start":{"line":11,"column":22},"end":{"line":11,"column":35}},"5":{"start":{"line":12,"column":22},"end":{"line":12,"column":35}},"6":{"start":{"line":14,"column":8},"end":{"line":16,"column":9}},"7":{"start":{"line":15,"column":12},"end":{"line":15,"column":75}},"8":{"start":{"line":19,"column":12},"end":{"line":21,"column":10}},"9":{"start":{"line":19,"column":18},"end":{"line":21,"column":10}},"10":{"start":{"line":20,"column":33},"end":{"line":20,"column":65}},"11":{"start":{"line":29,"column":12},"end":{"line":41,"column":5}},"12":{"start":{"line":30,"column":19},"end":{"line":30,"column":24}},"13":{"start":{"line":31,"column":8},"end":{"line":33,"column":9}},"14":{"start":{"line":32,"column":12},"end":{"line":32,"column":39}},"15":{"start":{"line":35,"column":8},"end":{"line":39,"column":9}},"16":{"start":{"line":36,"column":25},"end":{"line":36,"column":45}},"17":{"start":{"line":37,"column":12},"end":{"line":37,"column":40}},"18":{"start":{"line":38,"column":12},"end":{"line":38,"column":25}},"19":{"start":{"line":40,"column":8},"end":{"line":40,"column":20}},"20":{"start":{"line":43,"column":19},"end":{"line":43,"column":46}},"21":{"start":{"line":43,"column":25},"end":{"line":43,"column":46}},"22":{"start":{"line":45,"column":13},"end":{"line":45,"column":97}},"23":{"start":{"line":45,"column":19},"end":{"line":45,"column":97}},"24":{"start":{"line":47,"column":14},"end":{"line":47,"column":55}},"25":{"start":{"line":47,"column":25},"end":{"line":47,"column":55}},"26":{"start":{"line":50,"column":0},"end":{"line":50,"column":29}}},"fnMap":{"0":{"name":"(anonymous_0)","decl":{"start":{"line":6,"column":4},"end":{"line":6,"column":5}},"loc":{"start":{"line":6,"column":22},"end":{"line":6,"column":45}},"line":6},"1":{"name":"(anonymous_1)","decl":{"start":{"line":8,"column":11},"end":{"line":8,"column":12}},"loc":{"start":{"line":8,"column":17},"end":{"line":8,"column":28}},"line":8},"2":{"name":"(anonymous_2)","decl":{"start":{"line":10,"column":12},"end":{"line":10,"column":13}},"loc":{"start":{"line":10,"column":22},"end":{"line":17,"column":5}},"line":10},"3":{"name":"(anonymous_3)","decl":{"start":{"line":19,"column":12},"end":{"line":19,"column":13}},"loc":{"start":{"line":19,"column":18},"end":{"line":21,"column":10}},"line":19},"4":{"name":"(anonymous_4)","decl":{"start":{"line":20,"column":8},"end":{"line":20,"column":9}},"loc":{"start":{"line":20,"column":33},"end":{"line":20,"column":65}},"line":20},"5":{"name":"(anonymous_5)","decl":{"start":{"line":29,"column":12},"end":{"line":29,"column":13}},"loc":{"start":{"line":29,"column":23},"end":{"line":41,"column":5}},"line":29},"6":{"name":"(anonymous_6)","decl":{"start":{"line":43,"column":19},"end":{"line":43,"column":20}},"loc":{"start":{"line":43,"column":25},"end":{"line":43,"column":46}},"line":43},"7":{"name":"(anonymous_7)","decl":{"start":{"line":45,"column":13},"end":{"line":45,"column":14}},"loc":{"start":{"line":45,"column":19},"end":{"line":45,"column":97}},"line":45},"8":{"name":"(anonymous_8)","decl":{"start":{"line":47,"column":14},"end":{"line":47,"column":15}},"loc":{"start":{"line":47,"column":25},"end":{"line":47,"column":55}},"line":47}},"branchMap":{"0":{"loc":{"start":{"line":14,"column":8},"end":{"line":16,"column":9}},"type":"if","locations":[{"start":{"line":14,"column":8},"end":{"line":16,"column":9}},{"start":{"line":14,"column":8},"end":{"line":16,"column":9}}],"line":14},"1":{"loc":{"start":{"line":20,"column":42},"end":{"line":20,"column":65}},"type":"cond-expr","locations":[{"start":{"line":20,"column":60},"end":{"line":20,"column":61}},{"start":{"line":20,"column":64},"end":{"line":20,"column":65}}],"line":20},"2":{"loc":{"start":{"line":45,"column":19},"end":{"line":45,"column":97}},"type":"cond-expr","locations":[{"start":{"line":45,"column":48},"end":{"line":45,"column":82}},{"start":{"line":45,"column":85},"end":{"line":45,"column":97}}],"line":45}},"s":{"0":2,"1":2,"2":1,"3":2,"4":16,"5":16,"6":16,"7":9,"8":2,"9":4,"10":40,"11":2,"12":32,"13":32,"14":10,"15":32,"16":10,"17":10,"18":10,"19":32,"20":2,"21":1,"22":2,"23":85,"24":2,"25":42,"26":1},"f":{"0":2,"1":1,"2":16,"3":4,"4":40,"5":32,"6":1,"7":85,"8":42},"b":{"0":[9,7],"1":[25,15],"2":[1,84]},"_coverageSchema":"1a1c01bbd47fc00a2c39e90264f33305004495a9","hash":"cf8ea9eeab81b67b12e38b8e0267798426882444"}
}
