TN:
SF:src/types/JSUnionFind.js
FN:6,(anonymous_0)
FN:8,(anonymous_1)
FN:10,(anonymous_2)
FN:19,(anonymous_3)
FN:20,(anonymous_4)
FN:29,(anonymous_5)
FN:43,(anonymous_6)
FN:45,(anonymous_7)
FN:47,(anonymous_8)
FNF:9
FNH:9
FNDA:2,(anonymous_0)
FNDA:1,(anonymous_1)
FNDA:16,(anonymous_2)
FNDA:4,(anonymous_3)
FNDA:40,(anonymous_4)
FNDA:32,(anonymous_5)
FNDA:1,(anonymous_6)
FNDA:85,(anonymous_7)
FNDA:42,(anonymous_8)
DA:6,2
DA:8,2
DA:10,2
DA:11,16
DA:12,16
DA:14,16
DA:15,9
DA:19,4
DA:20,40
DA:29,2
DA:30,32
DA:31,32
DA:32,10
DA:35,32
DA:36,10
DA:37,10
DA:38,10
DA:40,32
DA:43,2
DA:45,85
DA:47,42
DA:50,1
LF:22
LH:22
BRDA:14,0,0,9
BRDA:14,0,1,7
BRDA:20,1,0,25
BRDA:20,1,1,15
BRDA:45,2,0,1
BRDA:45,2,1,84
BRF:6
BRH:6
end_of_record
